Requirement already satisfied: pip in /vol/fob-vol1/mi23/ziglowsa/venvs/payload_venv/lib/python3.10/site-packages (26.0.1)
Requirement already satisfied: wheel in /vol/fob-vol1/mi23/ziglowsa/venvs/payload_venv/lib/python3.10/site-packages (0.46.3)
Requirement already satisfied: setuptools in /vol/fob-vol1/mi23/ziglowsa/venvs/payload_venv/lib/python3.10/site-packages (82.0.1)
Requirement already satisfied: packaging in /vol/fob-vol1/mi23/ziglowsa/venvs/payload_venv/lib/python3.10/site-packages (26.0)
All required imports already available in venv.
Import check passed (including torchvision).
=== ENV ===
HOSTNAME: gruenau1
PARTITION: gpu
CUDA_VISIBLE_DEVICES: 0
PWD: /vol/fob-vol1/mi23/ziglowsa/Payload
numpy: 2.2.6
torch: 2.4.1+cu121 cuda: 12.1 is_available: True
torchvision: 0.19.1+cu121
nvidia-smi -L: GPU 0: Tesla V100-PCIE-32GB (UUID: GPU-502de52b-61ca-040e-e44d-5cee4e192a9d)
Collecting samples
Collecting concepts
Concepts collected
device: cuda
Epoch: 1 of 20
[batch 25] samples: 800, Training Loss: 0.2448
   Time since start: 0:00:05.352796
[batch 50] samples: 1600, Training Loss: 0.1081
   Time since start: 0:00:09.252918
[batch 75] samples: 2400, Training Loss: 0.0714
   Time since start: 0:00:13.304273
[batch 100] samples: 3200, Training Loss: 0.0612
   Time since start: 0:00:17.384100
[batch 125] samples: 4000, Training Loss: 0.0396
   Time since start: 0:00:21.239085
[batch 150] samples: 4800, Training Loss: 0.0303
   Time since start: 0:00:24.915283
[batch 175] samples: 5600, Training Loss: 0.0251
   Time since start: 0:00:28.712709
[batch 200] samples: 6400, Training Loss: 0.0177
   Time since start: 0:00:32.668134
[batch 225] samples: 7200, Training Loss: 0.0112
   Time since start: 0:00:36.800721
[batch 250] samples: 8000, Training Loss: 0.0111
   Time since start: 0:00:40.931633
[batch 275] samples: 8800, Training Loss: 0.0150
   Time since start: 0:00:45.181623
[batch 300] samples: 9600, Training Loss: 0.0116
   Time since start: 0:00:49.494142
[batch 325] samples: 10400, Training Loss: 0.0109
   Time since start: 0:00:53.713192
[batch 350] samples: 11200, Training Loss: 0.0065
   Time since start: 0:00:57.725798
[batch 375] samples: 12000, Training Loss: 0.0049
   Time since start: 0:01:01.770849
[batch 400] samples: 12800, Training Loss: 0.0036
   Time since start: 0:01:05.509139
[batch 425] samples: 13600, Training Loss: 0.0065
   Time since start: 0:01:09.290734
[batch 450] samples: 14400, Training Loss: 0.0041
   Time since start: 0:01:13.001581
[batch 475] samples: 15200, Training Loss: 0.0024
   Time since start: 0:01:16.915361
[batch 500] samples: 16000, Training Loss: 0.0040
   Time since start: 0:01:21.057343
[batch 525] samples: 16800, Training Loss: 0.0030
   Time since start: 0:01:24.800727
[batch 550] samples: 17600, Training Loss: 0.0036
   Time since start: 0:01:28.382480
[batch 575] samples: 18400, Training Loss: 0.0038
   Time since start: 0:01:32.108127
[batch 600] samples: 19200, Training Loss: 0.0039
   Time since start: 0:01:35.957691
[batch 625] samples: 20000, Training Loss: 0.0048
   Time since start: 0:01:39.950888
[batch 650] samples: 20800, Training Loss: 0.0024
   Time since start: 0:01:43.629770
[batch 675] samples: 21600, Training Loss: 0.0020
   Time since start: 0:01:47.457794
[batch 700] samples: 22400, Training Loss: 0.0050
   Time since start: 0:01:51.260265
[batch 725] samples: 23200, Training Loss: 0.0051
   Time since start: 0:01:55.289577
[batch 750] samples: 24000, Training Loss: 0.0024
   Time since start: 0:01:59.286012
[batch 775] samples: 24800, Training Loss: 0.0042
   Time since start: 0:02:03.067130
[batch 800] samples: 25600, Training Loss: 0.0017
   Time since start: 0:02:07.183833
[batch 825] samples: 26400, Training Loss: 0.0034
   Time since start: 0:02:11.108716
[batch 850] samples: 27200, Training Loss: 0.0020
   Time since start: 0:02:15.040982
[batch 875] samples: 28000, Training Loss: 0.0018
   Time since start: 0:02:18.816002
[batch 900] samples: 28800, Training Loss: 0.0033
   Time since start: 0:02:22.611109
[batch 925] samples: 29600, Training Loss: 0.0028
   Time since start: 0:02:26.380917
[batch 950] samples: 30400, Training Loss: 0.0015
   Time since start: 0:02:30.553765
[batch 975] samples: 31200, Training Loss: 0.0015
   Time since start: 0:02:34.872336
--m-Epoch 1 done.
   Training Loss: 0.0277
   Validation Loss: 0.0012
Epoch: 2 of 20
[batch 25] samples: 800, Training Loss: 0.0011
   Time since start: 0:02:51.482857
[batch 50] samples: 1600, Training Loss: 0.0039
   Time since start: 0:02:55.632080
[batch 75] samples: 2400, Training Loss: 0.0014
   Time since start: 0:02:59.813349
[batch 100] samples: 3200, Training Loss: 0.0013
   Time since start: 0:03:03.821762
[batch 125] samples: 4000, Training Loss: 0.0011
   Time since start: 0:03:08.136210
[batch 150] samples: 4800, Training Loss: 0.0009
   Time since start: 0:03:12.200952
[batch 175] samples: 5600, Training Loss: 0.0008
   Time since start: 0:03:16.117877
[batch 200] samples: 6400, Training Loss: 0.0009
   Time since start: 0:03:20.067057
[batch 225] samples: 7200, Training Loss: 0.0016
   Time since start: 0:03:24.285331
[batch 250] samples: 8000, Training Loss: 0.0015
   Time since start: 0:03:28.335060
[batch 275] samples: 8800, Training Loss: 0.0010
   Time since start: 0:03:32.273489
[batch 300] samples: 9600, Training Loss: 0.0007
   Time since start: 0:03:36.123042
[batch 325] samples: 10400, Training Loss: 0.0006
   Time since start: 0:03:40.300568
[batch 350] samples: 11200, Training Loss: 0.0008
   Time since start: 0:03:44.259686
[batch 375] samples: 12000, Training Loss: 0.0018
   Time since start: 0:03:48.387860
[batch 400] samples: 12800, Training Loss: 0.0016
   Time since start: 0:03:52.411535
[batch 425] samples: 13600, Training Loss: 0.0024
   Time since start: 0:03:56.606751
[batch 450] samples: 14400, Training Loss: 0.0006
   Time since start: 0:04:00.676056
[batch 475] samples: 15200, Training Loss: 0.0006
   Time since start: 0:04:04.790646
[batch 500] samples: 16000, Training Loss: 0.0004
   Time since start: 0:04:08.981913
[batch 525] samples: 16800, Training Loss: 0.0011
   Time since start: 0:04:13.092970
[batch 550] samples: 17600, Training Loss: 0.0009
   Time since start: 0:04:17.441766
[batch 575] samples: 18400, Training Loss: 0.0010
   Time since start: 0:04:21.501106
[batch 600] samples: 19200, Training Loss: 0.0005
   Time since start: 0:04:25.095741
[batch 625] samples: 20000, Training Loss: 0.0004
   Time since start: 0:04:28.605457
[batch 650] samples: 20800, Training Loss: 0.0005
   Time since start: 0:04:32.425698
[batch 675] samples: 21600, Training Loss: 0.0276
   Time since start: 0:04:36.480991
[batch 700] samples: 22400, Training Loss: 0.0008
   Time since start: 0:04:40.702810
[batch 725] samples: 23200, Training Loss: 0.0005
   Time since start: 0:04:44.386500
[batch 750] samples: 24000, Training Loss: 0.0034
   Time since start: 0:04:48.348392
[batch 775] samples: 24800, Training Loss: 0.0016
   Time since start: 0:04:52.546922
[batch 800] samples: 25600, Training Loss: 0.0007
   Time since start: 0:04:56.445552
[batch 825] samples: 26400, Training Loss: 0.0007
   Time since start: 0:05:00.255812
[batch 850] samples: 27200, Training Loss: 0.0007
   Time since start: 0:05:04.545656
[batch 875] samples: 28000, Training Loss: 0.0016
   Time since start: 0:05:08.800273
[batch 900] samples: 28800, Training Loss: 0.0008
   Time since start: 0:05:12.784392
[batch 925] samples: 29600, Training Loss: 0.0003
   Time since start: 0:05:17.113335
[batch 950] samples: 30400, Training Loss: 0.0021
   Time since start: 0:05:21.158211
[batch 975] samples: 31200, Training Loss: 0.0004
   Time since start: 0:05:25.056154
--m-Epoch 2 done.
   Training Loss: 0.0018
   Validation Loss: 0.0004
Epoch: 3 of 20
[batch 25] samples: 800, Training Loss: 0.0003
   Time since start: 0:05:42.099820
[batch 50] samples: 1600, Training Loss: 0.0003
   Time since start: 0:05:46.220598
[batch 75] samples: 2400, Training Loss: 0.0003
   Time since start: 0:05:49.993827
[batch 100] samples: 3200, Training Loss: 0.0003
   Time since start: 0:05:53.698729
[batch 125] samples: 4000, Training Loss: 0.0003
   Time since start: 0:05:57.728951
[batch 150] samples: 4800, Training Loss: 0.0002
   Time since start: 0:06:01.779477
[batch 175] samples: 5600, Training Loss: 0.0008
   Time since start: 0:06:05.843114
[batch 200] samples: 6400, Training Loss: 0.0015
   Time since start: 0:06:09.877528
[batch 225] samples: 7200, Training Loss: 0.0016
   Time since start: 0:06:14.156403
[batch 250] samples: 8000, Training Loss: 0.0005
   Time since start: 0:06:17.823104
[batch 275] samples: 8800, Training Loss: 0.0004
   Time since start: 0:06:21.717128
[batch 300] samples: 9600, Training Loss: 0.0003
   Time since start: 0:06:25.677562
[batch 325] samples: 10400, Training Loss: 0.0016
   Time since start: 0:06:29.667238
[batch 350] samples: 11200, Training Loss: 0.0006
   Time since start: 0:06:33.471016
[batch 375] samples: 12000, Training Loss: 0.0004
   Time since start: 0:06:37.519219
[batch 400] samples: 12800, Training Loss: 0.0001
   Time since start: 0:06:41.439468
[batch 425] samples: 13600, Training Loss: 0.0003
   Time since start: 0:06:45.612029
[batch 450] samples: 14400, Training Loss: 0.0004
   Time since start: 0:06:49.765153
[batch 475] samples: 15200, Training Loss: 0.0002
   Time since start: 0:06:53.633443
[batch 500] samples: 16000, Training Loss: 0.0006
   Time since start: 0:06:57.361933
[batch 525] samples: 16800, Training Loss: 0.0004
   Time since start: 0:07:01.376906
[batch 550] samples: 17600, Training Loss: 0.0003
   Time since start: 0:07:05.159360
[batch 575] samples: 18400, Training Loss: 0.0006
   Time since start: 0:07:09.274757
[batch 600] samples: 19200, Training Loss: 0.0002
   Time since start: 0:07:13.201007
[batch 625] samples: 20000, Training Loss: 0.0003
   Time since start: 0:07:16.696763
[batch 650] samples: 20800, Training Loss: 0.0005
   Time since start: 0:07:20.223030
[batch 675] samples: 21600, Training Loss: 0.0036
   Time since start: 0:07:24.083962
[batch 700] samples: 22400, Training Loss: 0.0010
   Time since start: 0:07:28.250428
[batch 725] samples: 23200, Training Loss: 0.0002
   Time since start: 0:07:32.145633
[batch 750] samples: 24000, Training Loss: 0.0002
   Time since start: 0:07:35.889924
[batch 775] samples: 24800, Training Loss: 0.0002
   Time since start: 0:07:39.633440
[batch 800] samples: 25600, Training Loss: 0.0002
   Time since start: 0:07:43.838940
[batch 825] samples: 26400, Training Loss: 0.0003
   Time since start: 0:07:47.728678
[batch 850] samples: 27200, Training Loss: 0.0002
   Time since start: 0:07:51.617690
[batch 875] samples: 28000, Training Loss: 0.0002
   Time since start: 0:07:55.282330
[batch 900] samples: 28800, Training Loss: 0.0002
   Time since start: 0:07:59.139424
[batch 925] samples: 29600, Training Loss: 0.0001
   Time since start: 0:08:03.154698
[batch 950] samples: 30400, Training Loss: 0.0002
   Time since start: 0:08:07.140172
[batch 975] samples: 31200, Training Loss: 0.0005
   Time since start: 0:08:11.307051
--m-Epoch 3 done.
   Training Loss: 0.0007
   Validation Loss: 0.0003
Epoch: 4 of 20
[batch 25] samples: 800, Training Loss: 0.0002
   Time since start: 0:08:28.726627
[batch 50] samples: 1600, Training Loss: 0.0007
   Time since start: 0:08:32.524608
[batch 75] samples: 2400, Training Loss: 0.0001
   Time since start: 0:08:36.462993
[batch 100] samples: 3200, Training Loss: 0.0001
   Time since start: 0:08:40.494912
[batch 125] samples: 4000, Training Loss: 0.0012
   Time since start: 0:08:44.336649
[batch 150] samples: 4800, Training Loss: 0.0002
   Time since start: 0:08:48.004461
[batch 175] samples: 5600, Training Loss: 0.0002
   Time since start: 0:08:51.685989
[batch 200] samples: 6400, Training Loss: 0.0001
   Time since start: 0:08:55.649477
[batch 225] samples: 7200, Training Loss: 0.0002
   Time since start: 0:08:59.833480
[batch 250] samples: 8000, Training Loss: 0.0010
   Time since start: 0:09:03.630691
[batch 275] samples: 8800, Training Loss: 0.0002
   Time since start: 0:09:07.172210
[batch 300] samples: 9600, Training Loss: 0.0002
   Time since start: 0:09:10.793793
[batch 325] samples: 10400, Training Loss: 0.0005
   Time since start: 0:09:14.640890
[batch 350] samples: 11200, Training Loss: 0.0003
   Time since start: 0:09:18.786522
[batch 375] samples: 12000, Training Loss: 0.0042
   Time since start: 0:09:23.176708
[batch 400] samples: 12800, Training Loss: 0.0012
   Time since start: 0:09:27.247968
[batch 425] samples: 13600, Training Loss: 0.0002
   Time since start: 0:09:30.880273
[batch 450] samples: 14400, Training Loss: 0.0002
   Time since start: 0:09:34.584100
[batch 475] samples: 15200, Training Loss: 0.0001
   Time since start: 0:09:38.871470
[batch 500] samples: 16000, Training Loss: 0.0002
   Time since start: 0:09:42.946467
[batch 525] samples: 16800, Training Loss: 0.0005
   Time since start: 0:09:46.895599
[batch 550] samples: 17600, Training Loss: 0.0017
   Time since start: 0:09:51.045671
[batch 575] samples: 18400, Training Loss: 0.0002
   Time since start: 0:09:55.102803
[batch 600] samples: 19200, Training Loss: 0.0013
   Time since start: 0:09:59.126311
[batch 625] samples: 20000, Training Loss: 0.0001
   Time since start: 0:10:02.781790
[batch 650] samples: 20800, Training Loss: 0.0001
   Time since start: 0:10:06.458726
[batch 675] samples: 21600, Training Loss: 0.0003
   Time since start: 0:10:10.127375
[batch 700] samples: 22400, Training Loss: 0.0003
   Time since start: 0:10:14.120382
[batch 725] samples: 23200, Training Loss: 0.0003
   Time since start: 0:10:18.178308
[batch 750] samples: 24000, Training Loss: 0.0004
   Time since start: 0:10:21.797192
[batch 775] samples: 24800, Training Loss: 0.0002
   Time since start: 0:10:25.604347
[batch 800] samples: 25600, Training Loss: 0.0024
   Time since start: 0:10:29.396923
[batch 825] samples: 26400, Training Loss: 0.0003
   Time since start: 0:10:33.219766
[batch 850] samples: 27200, Training Loss: 0.0001
   Time since start: 0:10:37.404916
[batch 875] samples: 28000, Training Loss: 0.0002
   Time since start: 0:10:41.442735
[batch 900] samples: 28800, Training Loss: 0.0006
   Time since start: 0:10:45.316824
[batch 925] samples: 29600, Training Loss: 0.0001
   Time since start: 0:10:49.244723
[batch 950] samples: 30400, Training Loss: 0.0001
   Time since start: 0:10:53.129673
[batch 975] samples: 31200, Training Loss: 0.0001
   Time since start: 0:10:57.153491
--m-Epoch 4 done.
   Training Loss: 0.0007
   Validation Loss: 0.0001
Epoch: 5 of 20
[batch 25] samples: 800, Training Loss: 0.0004
   Time since start: 0:11:13.924247
[batch 50] samples: 1600, Training Loss: 0.0003
   Time since start: 0:11:17.642277
[batch 75] samples: 2400, Training Loss: 0.0009
   Time since start: 0:11:21.334100
[batch 100] samples: 3200, Training Loss: 0.0001
   Time since start: 0:11:24.877747
[batch 125] samples: 4000, Training Loss: 0.0001
   Time since start: 0:11:28.763596
[batch 150] samples: 4800, Training Loss: 0.0001
   Time since start: 0:11:32.888379
[batch 175] samples: 5600, Training Loss: 0.0005
   Time since start: 0:11:36.677556
[batch 200] samples: 6400, Training Loss: 0.0001
   Time since start: 0:11:40.309433
[batch 225] samples: 7200, Training Loss: 0.0002
   Time since start: 0:11:44.103376
[batch 250] samples: 8000, Training Loss: 0.0001
   Time since start: 0:11:47.933095
[batch 275] samples: 8800, Training Loss: 0.0002
   Time since start: 0:11:52.027283
[batch 300] samples: 9600, Training Loss: 0.0002
   Time since start: 0:11:56.187068
[batch 325] samples: 10400, Training Loss: 0.0005
   Time since start: 0:12:00.110516
[batch 350] samples: 11200, Training Loss: 0.0006
   Time since start: 0:12:03.677207
[batch 375] samples: 12000, Training Loss: 0.0004
   Time since start: 0:12:07.553818
[batch 400] samples: 12800, Training Loss: 0.0016
   Time since start: 0:12:11.468454
[batch 425] samples: 13600, Training Loss: 0.0005
   Time since start: 0:12:15.635114
[batch 450] samples: 14400, Training Loss: 0.0140
   Time since start: 0:12:19.443231
[batch 475] samples: 15200, Training Loss: 0.0002
   Time since start: 0:12:23.507813
[batch 500] samples: 16000, Training Loss: 0.0015
   Time since start: 0:12:27.627891
[batch 525] samples: 16800, Training Loss: 0.0004
   Time since start: 0:12:31.418810
[batch 550] samples: 17600, Training Loss: 0.0011
   Time since start: 0:12:35.346325
[batch 575] samples: 18400, Training Loss: 0.0136
   Time since start: 0:12:39.193192
[batch 600] samples: 19200, Training Loss: 0.0007
   Time since start: 0:12:43.064606
[batch 625] samples: 20000, Training Loss: 0.0003
   Time since start: 0:12:47.222843
[batch 650] samples: 20800, Training Loss: 0.0004
   Time since start: 0:12:51.134913
[batch 675] samples: 21600, Training Loss: 0.0003
   Time since start: 0:12:54.896797
[batch 700] samples: 22400, Training Loss: 0.0003
   Time since start: 0:12:58.655264
[batch 725] samples: 23200, Training Loss: 0.0003
   Time since start: 0:13:02.815487
[batch 750] samples: 24000, Training Loss: 0.0003
   Time since start: 0:13:07.003870
[batch 775] samples: 24800, Training Loss: 0.0003
   Time since start: 0:13:11.222991
[batch 800] samples: 25600, Training Loss: 0.0004
   Time since start: 0:13:14.894441
[batch 825] samples: 26400, Training Loss: 0.0005
   Time since start: 0:13:18.685992
[batch 850] samples: 27200, Training Loss: 0.0002
   Time since start: 0:13:22.645614
[batch 875] samples: 28000, Training Loss: 0.0001
   Time since start: 0:13:26.644108
[batch 900] samples: 28800, Training Loss: 0.0001
   Time since start: 0:13:30.720673
[batch 925] samples: 29600, Training Loss: 0.0003
   Time since start: 0:13:34.704813
[batch 950] samples: 30400, Training Loss: 0.0002
   Time since start: 0:13:38.496445
[batch 975] samples: 31200, Training Loss: 0.0001
   Time since start: 0:13:42.227947
--m-Epoch 5 done.
   Training Loss: 0.0010
   Validation Loss: 0.0019
patience decreased: patience is now  4
Epoch: 6 of 20
[batch 25] samples: 800, Training Loss: 0.0002
   Time since start: 0:13:59.794582
[batch 50] samples: 1600, Training Loss: 0.0001
   Time since start: 0:14:03.593724
[batch 75] samples: 2400, Training Loss: 0.0004
   Time since start: 0:14:07.651559
[batch 100] samples: 3200, Training Loss: 0.0004
   Time since start: 0:14:11.513743
[batch 125] samples: 4000, Training Loss: 0.0198
   Time since start: 0:14:15.412655
[batch 150] samples: 4800, Training Loss: 0.0002
   Time since start: 0:14:19.054669
[batch 175] samples: 5600, Training Loss: 0.0020
   Time since start: 0:14:22.747504
[batch 200] samples: 6400, Training Loss: 0.0012
   Time since start: 0:14:26.912693
[batch 225] samples: 7200, Training Loss: 0.0000
   Time since start: 0:14:30.628971
[batch 250] samples: 8000, Training Loss: 0.0000
   Time since start: 0:14:34.370871
[batch 275] samples: 8800, Training Loss: 0.0001
   Time since start: 0:14:38.320325
[batch 300] samples: 9600, Training Loss: 0.0000
   Time since start: 0:14:42.286818
[batch 325] samples: 10400, Training Loss: 0.0001
   Time since start: 0:14:46.474966
[batch 350] samples: 11200, Training Loss: 0.0001
   Time since start: 0:14:50.325355
[batch 375] samples: 12000, Training Loss: 0.0001
   Time since start: 0:14:54.371293
[batch 400] samples: 12800, Training Loss: 0.0002
   Time since start: 0:14:58.617814
[batch 425] samples: 13600, Training Loss: 0.0002
   Time since start: 0:15:02.498854
[batch 450] samples: 14400, Training Loss: 0.0003
   Time since start: 0:15:06.836724
[batch 475] samples: 15200, Training Loss: 0.0001
   Time since start: 0:15:11.196282
[batch 500] samples: 16000, Training Loss: 0.0000
   Time since start: 0:15:15.052316
[batch 525] samples: 16800, Training Loss: 0.0001
   Time since start: 0:15:19.130497
[batch 550] samples: 17600, Training Loss: 0.0000
   Time since start: 0:15:23.366282
[batch 575] samples: 18400, Training Loss: 0.0000
   Time since start: 0:15:27.194506
[batch 600] samples: 19200, Training Loss: 0.0006
   Time since start: 0:15:30.891753
[batch 625] samples: 20000, Training Loss: 0.0006
   Time since start: 0:15:34.788363
[batch 650] samples: 20800, Training Loss: 0.0001
   Time since start: 0:15:38.449279
[batch 675] samples: 21600, Training Loss: 0.0004
   Time since start: 0:15:42.538941
[batch 700] samples: 22400, Training Loss: 0.0000
   Time since start: 0:15:46.482445
[batch 725] samples: 23200, Training Loss: 0.0001
   Time since start: 0:15:50.293252
[batch 750] samples: 24000, Training Loss: 0.0010
   Time since start: 0:15:53.959149
[batch 775] samples: 24800, Training Loss: 0.0000
   Time since start: 0:15:57.910728
[batch 800] samples: 25600, Training Loss: 0.0002
   Time since start: 0:16:02.074794
[batch 825] samples: 26400, Training Loss: 0.0000
   Time since start: 0:16:05.880689
[batch 850] samples: 27200, Training Loss: 0.0003
   Time since start: 0:16:09.644759
[batch 875] samples: 28000, Training Loss: 0.0001
   Time since start: 0:16:13.830260
[batch 900] samples: 28800, Training Loss: 0.0002
   Time since start: 0:16:17.941161
[batch 925] samples: 29600, Training Loss: 0.0001
   Time since start: 0:16:21.743746
[batch 950] samples: 30400, Training Loss: 0.0002
   Time since start: 0:16:25.914603
[batch 975] samples: 31200, Training Loss: 0.0001
   Time since start: 0:16:29.570593
--m-Epoch 6 done.
   Training Loss: 0.0005
   Validation Loss: 0.0004
patience decreased: patience is now  3
Epoch: 7 of 20
[batch 25] samples: 800, Training Loss: 0.0002
   Time since start: 0:16:45.853994
[batch 50] samples: 1600, Training Loss: 0.0001
   Time since start: 0:16:49.746578
[batch 75] samples: 2400, Training Loss: 0.0001
   Time since start: 0:16:53.601142
[batch 100] samples: 3200, Training Loss: 0.0000
   Time since start: 0:16:57.470281
[batch 125] samples: 4000, Training Loss: 0.0000
   Time since start: 0:17:01.678449
[batch 150] samples: 4800, Training Loss: 0.0002
   Time since start: 0:17:05.778131
[batch 175] samples: 5600, Training Loss: 0.0001
   Time since start: 0:17:09.958148
[batch 200] samples: 6400, Training Loss: 0.0001
   Time since start: 0:17:14.151811
[batch 225] samples: 7200, Training Loss: 0.0003
   Time since start: 0:17:18.315908
[batch 250] samples: 8000, Training Loss: 0.0001
   Time since start: 0:17:22.588158
[batch 275] samples: 8800, Training Loss: 0.0001
   Time since start: 0:17:26.808625
[batch 300] samples: 9600, Training Loss: 0.0001
   Time since start: 0:17:30.665486
[batch 325] samples: 10400, Training Loss: 0.0000
   Time since start: 0:17:34.653940
[batch 350] samples: 11200, Training Loss: 0.0002
   Time since start: 0:17:38.626719
[batch 375] samples: 12000, Training Loss: 0.0000
   Time since start: 0:17:42.629715
[batch 400] samples: 12800, Training Loss: 0.0616
   Time since start: 0:17:47.067508
[batch 425] samples: 13600, Training Loss: 0.0002
   Time since start: 0:17:51.338521
[batch 450] samples: 14400, Training Loss: 0.0021
   Time since start: 0:17:55.611195
[batch 475] samples: 15200, Training Loss: 0.0001
   Time since start: 0:17:59.650104
[batch 500] samples: 16000, Training Loss: 0.0001
   Time since start: 0:18:03.726148
[batch 525] samples: 16800, Training Loss: 0.0001
   Time since start: 0:18:07.908436
[batch 550] samples: 17600, Training Loss: 0.0001
   Time since start: 0:18:11.741237
[batch 575] samples: 18400, Training Loss: 0.0001
   Time since start: 0:18:15.801577
[batch 600] samples: 19200, Training Loss: 0.0001
   Time since start: 0:18:20.002209
[batch 625] samples: 20000, Training Loss: 0.0001
   Time since start: 0:18:23.963935
[batch 650] samples: 20800, Training Loss: 0.0001
   Time since start: 0:18:28.182651
[batch 675] samples: 21600, Training Loss: 0.0001
   Time since start: 0:18:32.269502
[batch 700] samples: 22400, Training Loss: 0.0007
   Time since start: 0:18:36.286810
[batch 725] samples: 23200, Training Loss: 0.0004
   Time since start: 0:18:40.227284
[batch 750] samples: 24000, Training Loss: 0.0000
   Time since start: 0:18:44.440013
[batch 775] samples: 24800, Training Loss: 0.0000
   Time since start: 0:18:48.580855
[batch 800] samples: 25600, Training Loss: 0.0121
   Time since start: 0:18:52.587524
[batch 825] samples: 26400, Training Loss: 0.0001
   Time since start: 0:18:56.821064
[batch 850] samples: 27200, Training Loss: 0.0002
   Time since start: 0:19:00.911442
[batch 875] samples: 28000, Training Loss: 0.0003
   Time since start: 0:19:04.674106
[batch 900] samples: 28800, Training Loss: 0.0014
   Time since start: 0:19:08.633206
[batch 925] samples: 29600, Training Loss: 0.0000
   Time since start: 0:19:12.677522
[batch 950] samples: 30400, Training Loss: 0.0001
   Time since start: 0:19:16.975887
[batch 975] samples: 31200, Training Loss: 0.0000
   Time since start: 0:19:20.615247
--m-Epoch 7 done.
   Training Loss: 0.0006
   Validation Loss: 0.0001
Epoch: 8 of 20
[batch 25] samples: 800, Training Loss: 0.0001
   Time since start: 0:19:36.926431
[batch 50] samples: 1600, Training Loss: 0.0000
   Time since start: 0:19:40.453426
[batch 75] samples: 2400, Training Loss: 0.0001
   Time since start: 0:19:44.016161
[batch 100] samples: 3200, Training Loss: 0.0000
   Time since start: 0:19:48.186817
[batch 125] samples: 4000, Training Loss: 0.0001
   Time since start: 0:19:52.375293
[batch 150] samples: 4800, Training Loss: 0.0001
   Time since start: 0:19:56.340458
[batch 175] samples: 5600, Training Loss: 0.0000
   Time since start: 0:20:00.048619
[batch 200] samples: 6400, Training Loss: 0.0000
   Time since start: 0:20:03.686902
[batch 225] samples: 7200, Training Loss: 0.0000
   Time since start: 0:20:07.414595
[batch 250] samples: 8000, Training Loss: 0.0000
   Time since start: 0:20:11.681209
[batch 275] samples: 8800, Training Loss: 0.0000
   Time since start: 0:20:15.880571
[batch 300] samples: 9600, Training Loss: 0.0027
   Time since start: 0:20:19.973722
[batch 325] samples: 10400, Training Loss: 0.0001
   Time since start: 0:20:24.129450
[batch 350] samples: 11200, Training Loss: 0.0002
   Time since start: 0:20:28.275656
[batch 375] samples: 12000, Training Loss: 0.0001
   Time since start: 0:20:32.290052
[batch 400] samples: 12800, Training Loss: 0.0001
   Time since start: 0:20:36.448874
[batch 425] samples: 13600, Training Loss: 0.0000
   Time since start: 0:20:40.286494
[batch 450] samples: 14400, Training Loss: 0.0003
   Time since start: 0:20:44.347364
[batch 475] samples: 15200, Training Loss: 0.0103
   Time since start: 0:20:47.939578
[batch 500] samples: 16000, Training Loss: 0.0001
   Time since start: 0:20:52.068782
[batch 525] samples: 16800, Training Loss: 0.0001
   Time since start: 0:20:56.164955
[batch 550] samples: 17600, Training Loss: 0.0000
   Time since start: 0:21:00.147009
[batch 575] samples: 18400, Training Loss: 0.0000
   Time since start: 0:21:04.094074
[batch 600] samples: 19200, Training Loss: 0.0001
   Time since start: 0:21:08.292383
[batch 625] samples: 20000, Training Loss: 0.0014
   Time since start: 0:21:12.544121
[batch 650] samples: 20800, Training Loss: 0.0001
   Time since start: 0:21:16.780738
[batch 675] samples: 21600, Training Loss: 0.0001
   Time since start: 0:21:20.878345
[batch 700] samples: 22400, Training Loss: 0.0000
   Time since start: 0:21:24.979733
[batch 725] samples: 23200, Training Loss: 0.0001
   Time since start: 0:21:29.205436
[batch 750] samples: 24000, Training Loss: 0.0008
   Time since start: 0:21:33.460677
[batch 775] samples: 24800, Training Loss: 0.0003
   Time since start: 0:21:37.108961
[batch 800] samples: 25600, Training Loss: 0.0000
   Time since start: 0:21:41.160201
[batch 825] samples: 26400, Training Loss: 0.0002
   Time since start: 0:21:45.330120
[batch 850] samples: 27200, Training Loss: 0.0004
   Time since start: 0:21:49.347640
[batch 875] samples: 28000, Training Loss: 0.0013
   Time since start: 0:21:53.155153
[batch 900] samples: 28800, Training Loss: 0.0001
   Time since start: 0:21:56.938084
[batch 925] samples: 29600, Training Loss: 0.0001
   Time since start: 0:22:00.572392
[batch 950] samples: 30400, Training Loss: 0.0001
   Time since start: 0:22:04.131487
[batch 975] samples: 31200, Training Loss: 0.0018
   Time since start: 0:22:07.743487
--m-Epoch 8 done.
   Training Loss: 0.0005
   Validation Loss: 0.0001
Epoch: 9 of 20
[batch 25] samples: 800, Training Loss: 0.0000
   Time since start: 0:22:25.719564
[batch 50] samples: 1600, Training Loss: 0.0000
   Time since start: 0:22:29.499924
[batch 75] samples: 2400, Training Loss: 0.0001
   Time since start: 0:22:33.486369
[batch 100] samples: 3200, Training Loss: 0.0002
   Time since start: 0:22:37.276940
[batch 125] samples: 4000, Training Loss: 0.0000
   Time since start: 0:22:41.176523
[batch 150] samples: 4800, Training Loss: 0.0002
   Time since start: 0:22:44.982545
[batch 175] samples: 5600, Training Loss: 0.0000
   Time since start: 0:22:49.129621
[batch 200] samples: 6400, Training Loss: 0.0001
   Time since start: 0:22:53.449770
[batch 225] samples: 7200, Training Loss: 0.0000
   Time since start: 0:22:57.865525
[batch 250] samples: 8000, Training Loss: 0.0000
   Time since start: 0:23:02.049520
[batch 275] samples: 8800, Training Loss: 0.0000
   Time since start: 0:23:05.924914
[batch 300] samples: 9600, Training Loss: 0.0000
   Time since start: 0:23:09.671159
[batch 325] samples: 10400, Training Loss: 0.0000
   Time since start: 0:23:14.027055
[batch 350] samples: 11200, Training Loss: 0.0000
   Time since start: 0:23:18.088287
[batch 375] samples: 12000, Training Loss: 0.0000
   Time since start: 0:23:21.841286
[batch 400] samples: 12800, Training Loss: 0.0000
   Time since start: 0:23:25.553897
[batch 425] samples: 13600, Training Loss: 0.0000
   Time since start: 0:23:29.383427
[batch 450] samples: 14400, Training Loss: 0.0004
   Time since start: 0:23:33.438066
[batch 475] samples: 15200, Training Loss: 0.0000
   Time since start: 0:23:37.796052
[batch 500] samples: 16000, Training Loss: 0.0009
   Time since start: 0:23:41.642364
[batch 525] samples: 16800, Training Loss: 0.0000
   Time since start: 0:23:45.456055
[batch 550] samples: 17600, Training Loss: 0.0000
   Time since start: 0:23:49.239751
[batch 575] samples: 18400, Training Loss: 0.0000
   Time since start: 0:23:52.995309
[batch 600] samples: 19200, Training Loss: 0.0000
   Time since start: 0:23:57.339606
[batch 625] samples: 20000, Training Loss: 0.0001
   Time since start: 0:24:01.675104
[batch 650] samples: 20800, Training Loss: 0.0000
   Time since start: 0:24:05.813402
[batch 675] samples: 21600, Training Loss: 0.0000
   Time since start: 0:24:09.796264
[batch 700] samples: 22400, Training Loss: 0.0000
   Time since start: 0:24:13.881423
[batch 725] samples: 23200, Training Loss: 0.0000
   Time since start: 0:24:18.031031
[batch 750] samples: 24000, Training Loss: 0.0000
   Time since start: 0:24:21.995958
[batch 775] samples: 24800, Training Loss: 0.0000
   Time since start: 0:24:25.963088
[batch 800] samples: 25600, Training Loss: 0.0000
   Time since start: 0:24:30.146465
[batch 825] samples: 26400, Training Loss: 0.0000
   Time since start: 0:24:34.581855
[batch 850] samples: 27200, Training Loss: 0.0003
   Time since start: 0:24:38.673950
[batch 875] samples: 28000, Training Loss: 0.0000
   Time since start: 0:24:42.934715
[batch 900] samples: 28800, Training Loss: 0.0000
   Time since start: 0:24:47.046515
[batch 925] samples: 29600, Training Loss: 0.0000
   Time since start: 0:24:51.217060
[batch 950] samples: 30400, Training Loss: 0.0000
   Time since start: 0:24:55.529366
[batch 975] samples: 31200, Training Loss: 0.0000
   Time since start: 0:24:59.860891
--m-Epoch 9 done.
   Training Loss: 0.0001
   Validation Loss: 0.0000
Epoch: 10 of 20
[batch 25] samples: 800, Training Loss: 0.0002
   Time since start: 0:25:17.301200
[batch 50] samples: 1600, Training Loss: 0.0001
   Time since start: 0:25:21.551092
[batch 75] samples: 2400, Training Loss: 0.0000
   Time since start: 0:25:25.807960
[batch 100] samples: 3200, Training Loss: 0.0000
   Time since start: 0:25:29.652842
[batch 125] samples: 4000, Training Loss: 0.0001
   Time since start: 0:25:33.501872
[batch 150] samples: 4800, Training Loss: 0.0002
   Time since start: 0:25:37.546023
[batch 175] samples: 5600, Training Loss: 0.0001
   Time since start: 0:25:42.101879
[batch 200] samples: 6400, Training Loss: 0.0077
   Time since start: 0:25:46.264347
[batch 225] samples: 7200, Training Loss: 0.0002
   Time since start: 0:25:50.371266
[batch 250] samples: 8000, Training Loss: 0.0001
   Time since start: 0:25:54.476971
[batch 275] samples: 8800, Training Loss: 0.0002
   Time since start: 0:25:58.518250
[batch 300] samples: 9600, Training Loss: 0.0100
   Time since start: 0:26:02.298874
[batch 325] samples: 10400, Training Loss: 0.0004
   Time since start: 0:26:05.919169
[batch 350] samples: 11200, Training Loss: 0.0000
   Time since start: 0:26:10.012587
[batch 375] samples: 12000, Training Loss: 0.0002
   Time since start: 0:26:14.110032
[batch 400] samples: 12800, Training Loss: 0.0001
   Time since start: 0:26:17.960483
[batch 425] samples: 13600, Training Loss: 0.0001
   Time since start: 0:26:21.823195
[batch 450] samples: 14400, Training Loss: 0.0000
   Time since start: 0:26:25.761297
[batch 475] samples: 15200, Training Loss: 0.0001
   Time since start: 0:26:29.640587
[batch 500] samples: 16000, Training Loss: 0.0005
   Time since start: 0:26:33.427076
[batch 525] samples: 16800, Training Loss: 0.0000
   Time since start: 0:26:37.546679
[batch 550] samples: 17600, Training Loss: 0.0001
   Time since start: 0:26:41.326741
[batch 575] samples: 18400, Training Loss: 0.0000
   Time since start: 0:26:45.029083
[batch 600] samples: 19200, Training Loss: 0.0000
   Time since start: 0:26:48.913113
[batch 625] samples: 20000, Training Loss: 0.0000
   Time since start: 0:26:53.068479
[batch 650] samples: 20800, Training Loss: 0.0000
   Time since start: 0:26:56.856156
[batch 675] samples: 21600, Training Loss: 0.0000
   Time since start: 0:27:00.456413
[batch 700] samples: 22400, Training Loss: 0.0007
   Time since start: 0:27:03.954838
[batch 725] samples: 23200, Training Loss: 0.0000
   Time since start: 0:27:07.801532
[batch 750] samples: 24000, Training Loss: 0.0000
   Time since start: 0:27:12.327044
[batch 775] samples: 24800, Training Loss: 0.0000
   Time since start: 0:27:16.187278
[batch 800] samples: 25600, Training Loss: 0.0000
   Time since start: 0:27:19.858585
[batch 825] samples: 26400, Training Loss: 0.0002
   Time since start: 0:27:23.643685
[batch 850] samples: 27200, Training Loss: 0.0000
   Time since start: 0:27:27.592933
[batch 875] samples: 28000, Training Loss: 0.0001
   Time since start: 0:27:31.697617
[batch 900] samples: 28800, Training Loss: 0.0001
   Time since start: 0:27:35.983672
[batch 925] samples: 29600, Training Loss: 0.0006
   Time since start: 0:27:39.850031
[batch 950] samples: 30400, Training Loss: 0.0003
   Time since start: 0:27:43.589694
[batch 975] samples: 31200, Training Loss: 0.0000
   Time since start: 0:27:47.677825
--m-Epoch 10 done.
   Training Loss: 0.0005
   Validation Loss: 0.0003
patience decreased: patience is now  4
Epoch: 11 of 20
[batch 25] samples: 800, Training Loss: 0.0001
   Time since start: 0:28:04.625017
[batch 50] samples: 1600, Training Loss: 0.0001
   Time since start: 0:28:08.738226
[batch 75] samples: 2400, Training Loss: 0.0049
   Time since start: 0:28:12.637832
[batch 100] samples: 3200, Training Loss: 0.0154
   Time since start: 0:28:16.440146
[batch 125] samples: 4000, Training Loss: 0.0001
   Time since start: 0:28:20.623007
[batch 150] samples: 4800, Training Loss: 0.0005
   Time since start: 0:28:24.251562
[batch 175] samples: 5600, Training Loss: 0.0001
   Time since start: 0:28:27.871519
[batch 200] samples: 6400, Training Loss: 0.0001
   Time since start: 0:28:32.050430
[batch 225] samples: 7200, Training Loss: 0.0000
   Time since start: 0:28:35.889594
[batch 250] samples: 8000, Training Loss: 0.0000
   Time since start: 0:28:40.033105
[batch 275] samples: 8800, Training Loss: 0.0000
   Time since start: 0:28:43.766117
[batch 300] samples: 9600, Training Loss: 0.0000
   Time since start: 0:28:47.575475
[batch 325] samples: 10400, Training Loss: 0.0000
   Time since start: 0:28:51.931816
[batch 350] samples: 11200, Training Loss: 0.0000
   Time since start: 0:28:56.223691
[batch 375] samples: 12000, Training Loss: 0.0000
   Time since start: 0:29:00.283147
[batch 400] samples: 12800, Training Loss: 0.0000
   Time since start: 0:29:04.274928
[batch 425] samples: 13600, Training Loss: 0.0000
   Time since start: 0:29:08.407208
[batch 450] samples: 14400, Training Loss: 0.0000
   Time since start: 0:29:12.300636
[batch 475] samples: 15200, Training Loss: 0.0002
   Time since start: 0:29:16.106435
[batch 500] samples: 16000, Training Loss: 0.0000
   Time since start: 0:29:20.254480
[batch 525] samples: 16800, Training Loss: 0.0000
   Time since start: 0:29:24.481359
[batch 550] samples: 17600, Training Loss: 0.0000
   Time since start: 0:29:28.505596
[batch 575] samples: 18400, Training Loss: 0.0012
   Time since start: 0:29:32.451628
[batch 600] samples: 19200, Training Loss: 0.0001
   Time since start: 0:29:36.341431
[batch 625] samples: 20000, Training Loss: 0.0000
   Time since start: 0:29:40.000703
[batch 650] samples: 20800, Training Loss: 0.0000
   Time since start: 0:29:43.782747
[batch 675] samples: 21600, Training Loss: 0.0000
   Time since start: 0:29:47.751935
[batch 700] samples: 22400, Training Loss: 0.0000
   Time since start: 0:29:51.749554
[batch 725] samples: 23200, Training Loss: 0.0000
   Time since start: 0:29:55.861331
[batch 750] samples: 24000, Training Loss: 0.0000
   Time since start: 0:29:59.459063
[batch 775] samples: 24800, Training Loss: 0.0000
   Time since start: 0:30:03.698924
[batch 800] samples: 25600, Training Loss: 0.0000
   Time since start: 0:30:07.772590
[batch 825] samples: 26400, Training Loss: 0.0000
   Time since start: 0:30:11.819488
[batch 850] samples: 27200, Training Loss: 0.0000
   Time since start: 0:30:15.871316
[batch 875] samples: 28000, Training Loss: 0.0000
   Time since start: 0:30:19.627806
[batch 900] samples: 28800, Training Loss: 0.0000
   Time since start: 0:30:23.593317
[batch 925] samples: 29600, Training Loss: 0.0000
   Time since start: 0:30:27.760482
[batch 950] samples: 30400, Training Loss: 0.0000
   Time since start: 0:30:31.865810
[batch 975] samples: 31200, Training Loss: 0.0000
   Time since start: 0:30:35.912535
--m-Epoch 11 done.
   Training Loss: 0.0002
   Validation Loss: 0.0001
patience decreased: patience is now  3
Epoch: 12 of 20
[batch 25] samples: 800, Training Loss: 0.0002
   Time since start: 0:30:53.381334
[batch 50] samples: 1600, Training Loss: 0.0001
   Time since start: 0:30:57.181700
[batch 75] samples: 2400, Training Loss: 0.0001
   Time since start: 0:31:01.216326
[batch 100] samples: 3200, Training Loss: 0.0001
   Time since start: 0:31:05.083655
[batch 125] samples: 4000, Training Loss: 0.0000
   Time since start: 0:31:08.642801
[batch 150] samples: 4800, Training Loss: 0.0001
   Time since start: 0:31:12.194225
[batch 175] samples: 5600, Training Loss: 0.0006
   Time since start: 0:31:16.137427
[batch 200] samples: 6400, Training Loss: 0.0000
   Time since start: 0:31:20.106499
[batch 225] samples: 7200, Training Loss: 0.0000
   Time since start: 0:31:24.275919
[batch 250] samples: 8000, Training Loss: 0.0000
   Time since start: 0:31:28.267669
[batch 275] samples: 8800, Training Loss: 0.0000
   Time since start: 0:31:31.912085
[batch 300] samples: 9600, Training Loss: 0.0002
   Time since start: 0:31:35.896151
[batch 325] samples: 10400, Training Loss: 0.0000
   Time since start: 0:31:40.329015
[batch 350] samples: 11200, Training Loss: 0.0000
   Time since start: 0:31:44.416977
[batch 375] samples: 12000, Training Loss: 0.0000
   Time since start: 0:31:48.441607
[batch 400] samples: 12800, Training Loss: 0.0000
   Time since start: 0:31:52.194989
[batch 425] samples: 13600, Training Loss: 0.0000
   Time since start: 0:31:56.262649
[batch 450] samples: 14400, Training Loss: 0.0000
   Time since start: 0:32:00.190266
[batch 475] samples: 15200, Training Loss: 0.0000
   Time since start: 0:32:03.824503
[batch 500] samples: 16000, Training Loss: 0.0010
   Time since start: 0:32:07.690893
[batch 525] samples: 16800, Training Loss: 0.0000
   Time since start: 0:32:11.525354
[batch 550] samples: 17600, Training Loss: 0.0000
   Time since start: 0:32:15.120751
[batch 575] samples: 18400, Training Loss: 0.0000
   Time since start: 0:32:19.107193
[batch 600] samples: 19200, Training Loss: 0.0002
   Time since start: 0:32:23.085078
[batch 625] samples: 20000, Training Loss: 0.0000
   Time since start: 0:32:26.811234
[batch 650] samples: 20800, Training Loss: 0.0000
   Time since start: 0:32:30.781468
[batch 675] samples: 21600, Training Loss: 0.0000
   Time since start: 0:32:34.855296
[batch 700] samples: 22400, Training Loss: 0.0000
   Time since start: 0:32:38.929727
[batch 725] samples: 23200, Training Loss: 0.0000
   Time since start: 0:32:42.626210
[batch 750] samples: 24000, Training Loss: 0.0000
   Time since start: 0:32:46.530136
[batch 775] samples: 24800, Training Loss: 0.0001
   Time since start: 0:32:50.261706
[batch 800] samples: 25600, Training Loss: 0.0033
   Time since start: 0:32:54.433127
[batch 825] samples: 26400, Training Loss: 0.0000
   Time since start: 0:32:58.673202
[batch 850] samples: 27200, Training Loss: 0.0000
   Time since start: 0:33:02.392441
[batch 875] samples: 28000, Training Loss: 0.0025
   Time since start: 0:33:05.926280
[batch 900] samples: 28800, Training Loss: 0.0001
   Time since start: 0:33:09.445267
[batch 925] samples: 29600, Training Loss: 0.0000
   Time since start: 0:33:13.226979
[batch 950] samples: 30400, Training Loss: 0.0000
   Time since start: 0:33:16.938966
[batch 975] samples: 31200, Training Loss: 0.0000
   Time since start: 0:33:20.565145
--m-Epoch 12 done.
   Training Loss: 0.0003
   Validation Loss: 0.0001
patience decreased: patience is now  2
Epoch: 13 of 20
[batch 25] samples: 800, Training Loss: 0.0000
   Time since start: 0:33:37.236955
[batch 50] samples: 1600, Training Loss: 0.0010
   Time since start: 0:33:41.272058
[batch 75] samples: 2400, Training Loss: 0.0001
   Time since start: 0:33:45.371121
[batch 100] samples: 3200, Training Loss: 0.0000
   Time since start: 0:33:49.208472
[batch 125] samples: 4000, Training Loss: 0.0001
   Time since start: 0:33:53.059564
[batch 150] samples: 4800, Training Loss: 0.0001
   Time since start: 0:33:57.033272
[batch 175] samples: 5600, Training Loss: 0.0000
   Time since start: 0:34:01.270966
[batch 200] samples: 6400, Training Loss: 0.0000
   Time since start: 0:34:04.954562
[batch 225] samples: 7200, Training Loss: 0.0000
   Time since start: 0:34:08.877619
[batch 250] samples: 8000, Training Loss: 0.0000
   Time since start: 0:34:12.755260
[batch 275] samples: 8800, Training Loss: 0.0000
   Time since start: 0:34:16.726293
[batch 300] samples: 9600, Training Loss: 0.0000
   Time since start: 0:34:20.559673
[batch 325] samples: 10400, Training Loss: 0.0000
   Time since start: 0:34:24.389151
[batch 350] samples: 11200, Training Loss: 0.0001
   Time since start: 0:34:27.969012
[batch 375] samples: 12000, Training Loss: 0.0000
   Time since start: 0:34:31.760245
[batch 400] samples: 12800, Training Loss: 0.0000
   Time since start: 0:34:35.749096
[batch 425] samples: 13600, Training Loss: 0.0000
   Time since start: 0:34:39.338280
[batch 450] samples: 14400, Training Loss: 0.0000
   Time since start: 0:34:43.327989
[batch 475] samples: 15200, Training Loss: 0.0000
   Time since start: 0:34:47.298851
[batch 500] samples: 16000, Training Loss: 0.0000
   Time since start: 0:34:51.353806
[batch 525] samples: 16800, Training Loss: 0.0000
   Time since start: 0:34:55.102565
[batch 550] samples: 17600, Training Loss: 0.0000
   Time since start: 0:34:59.110300
[batch 575] samples: 18400, Training Loss: 0.0000
   Time since start: 0:35:03.096011
[batch 600] samples: 19200, Training Loss: 0.0001
   Time since start: 0:35:07.064611
[batch 625] samples: 20000, Training Loss: 0.0000
   Time since start: 0:35:11.197878
[batch 650] samples: 20800, Training Loss: 0.0001
   Time since start: 0:35:15.322501
[batch 675] samples: 21600, Training Loss: 0.0000
   Time since start: 0:35:19.137144
[batch 700] samples: 22400, Training Loss: 0.0001
   Time since start: 0:35:22.831891
[batch 725] samples: 23200, Training Loss: 0.0000
   Time since start: 0:35:26.397891
[batch 750] samples: 24000, Training Loss: 0.0000
   Time since start: 0:35:30.502102
[batch 775] samples: 24800, Training Loss: 0.0003
   Time since start: 0:35:34.452495
[batch 800] samples: 25600, Training Loss: 0.0001
   Time since start: 0:35:38.809780
[batch 825] samples: 26400, Training Loss: 0.0000
   Time since start: 0:35:42.457370
[batch 850] samples: 27200, Training Loss: 0.0001
   Time since start: 0:35:46.025164
[batch 875] samples: 28000, Training Loss: 0.0000
   Time since start: 0:35:49.956072
[batch 900] samples: 28800, Training Loss: 0.0000
   Time since start: 0:35:54.046604
[batch 925] samples: 29600, Training Loss: 0.0000
   Time since start: 0:35:57.766019
[batch 950] samples: 30400, Training Loss: 0.0000
   Time since start: 0:36:01.870113
[batch 975] samples: 31200, Training Loss: 0.0010
   Time since start: 0:36:05.617402
--m-Epoch 13 done.
   Training Loss: 0.0003
   Validation Loss: 0.0001
patience decreased: patience is now  1
Epoch: 14 of 20
[batch 25] samples: 800, Training Loss: 0.0000
   Time since start: 0:36:22.292008
[batch 50] samples: 1600, Training Loss: 0.0000
   Time since start: 0:36:25.983354
[batch 75] samples: 2400, Training Loss: 0.0000
   Time since start: 0:36:29.992140
[batch 100] samples: 3200, Training Loss: 0.0000
   Time since start: 0:36:34.007030
[batch 125] samples: 4000, Training Loss: 0.0000
   Time since start: 0:36:37.928365
[batch 150] samples: 4800, Training Loss: 0.0000
   Time since start: 0:36:41.830491
[batch 175] samples: 5600, Training Loss: 0.0000
   Time since start: 0:36:45.888074
[batch 200] samples: 6400, Training Loss: 0.0000
   Time since start: 0:36:49.851525
[batch 225] samples: 7200, Training Loss: 0.0000
   Time since start: 0:36:54.072322
[batch 250] samples: 8000, Training Loss: 0.0000
   Time since start: 0:36:57.831854
[batch 275] samples: 8800, Training Loss: 0.0001
   Time since start: 0:37:01.588262
[batch 300] samples: 9600, Training Loss: 0.0001
   Time since start: 0:37:05.736606
[batch 325] samples: 10400, Training Loss: 0.0000
   Time since start: 0:37:09.780787
[batch 350] samples: 11200, Training Loss: 0.0002
   Time since start: 0:37:13.580374
[batch 375] samples: 12000, Training Loss: 0.0000
   Time since start: 0:37:17.242443
[batch 400] samples: 12800, Training Loss: 0.0000
   Time since start: 0:37:20.837254
[batch 425] samples: 13600, Training Loss: 0.0000
   Time since start: 0:37:24.403719
[batch 450] samples: 14400, Training Loss: 0.0001
   Time since start: 0:37:28.464224
[batch 475] samples: 15200, Training Loss: 0.0000
   Time since start: 0:37:32.628427
[batch 500] samples: 16000, Training Loss: 0.0000
   Time since start: 0:37:36.647851
[batch 525] samples: 16800, Training Loss: 0.0000
   Time since start: 0:37:40.502751
[batch 550] samples: 17600, Training Loss: 0.0000
   Time since start: 0:37:44.304747
[batch 575] samples: 18400, Training Loss: 0.0000
   Time since start: 0:37:48.316642
[batch 600] samples: 19200, Training Loss: 0.0000
   Time since start: 0:37:52.518343
[batch 625] samples: 20000, Training Loss: 0.0000
   Time since start: 0:37:56.504782
[batch 650] samples: 20800, Training Loss: 0.0000
   Time since start: 0:38:00.549208
[batch 675] samples: 21600, Training Loss: 0.0000
   Time since start: 0:38:04.558905
[batch 700] samples: 22400, Training Loss: 0.0000
   Time since start: 0:38:08.367582
[batch 725] samples: 23200, Training Loss: 0.0000
   Time since start: 0:38:12.157139
[batch 750] samples: 24000, Training Loss: 0.0039
   Time since start: 0:38:16.100568
[batch 775] samples: 24800, Training Loss: 0.0000
   Time since start: 0:38:19.952181
[batch 800] samples: 25600, Training Loss: 0.0028
   Time since start: 0:38:23.948987
[batch 825] samples: 26400, Training Loss: 0.0000
   Time since start: 0:38:28.099057
[batch 850] samples: 27200, Training Loss: 0.0000
   Time since start: 0:38:31.948019
[batch 875] samples: 28000, Training Loss: 0.0000
   Time since start: 0:38:35.724607
[batch 900] samples: 28800, Training Loss: 0.0000
   Time since start: 0:38:39.738007
[batch 925] samples: 29600, Training Loss: 0.0000
   Time since start: 0:38:43.578570
[batch 950] samples: 30400, Training Loss: 0.0000
   Time since start: 0:38:47.725610
[batch 975] samples: 31200, Training Loss: 0.0000
   Time since start: 0:38:51.998177
--m-Epoch 14 done.
   Training Loss: 0.0001
   Validation Loss: 0.0001
patience decreased: patience is now  0
Stopping early
     precision    recall  f1-score  support  epoch  class
0     1.000000  1.000000  1.000000   5916.0      1      0
1     1.000000  1.000000  1.000000    378.0      1      1
2     1.000000  1.000000  1.000000   1128.0      1      2
3     1.000000  1.000000  1.000000    420.0      1      3
4     1.000000  1.000000  1.000000    576.0      1      4
..         ...       ...       ...      ...    ...    ...
653   0.986301  1.000000  0.993103     72.0     14     42
654   0.999847  0.999816  0.999831  32592.0     14      0
655   0.999442  0.999792  0.999616  32592.0     14      1
656   0.999847  0.999816  0.999831  32592.0     14      2
657   0.999853  0.999847  0.999846  32592.0     14      3

[658 rows x 6 columns]
device: cuda
Epoch: 1 of 40
[batch 20] samples: 1280, Training Loss: 3.5852
   Time since start: 0:00:00.220601
[batch 40] samples: 2560, Training Loss: 3.1707
   Time since start: 0:00:00.272225
[batch 60] samples: 3840, Training Loss: 2.5630
   Time since start: 0:00:00.319340
[batch 80] samples: 5120, Training Loss: 1.9684
   Time since start: 0:00:00.369252
[batch 100] samples: 6400, Training Loss: 1.3620
   Time since start: 0:00:00.422472
[batch 120] samples: 7680, Training Loss: 1.4019
   Time since start: 0:00:00.478163
[batch 140] samples: 8960, Training Loss: 1.0659
   Time since start: 0:00:00.532595
[batch 160] samples: 10240, Training Loss: 0.8322
   Time since start: 0:00:00.593312
[batch 180] samples: 11520, Training Loss: 0.6068
   Time since start: 0:00:00.647082
[batch 200] samples: 12800, Training Loss: 0.4756
   Time since start: 0:00:00.699753
[batch 220] samples: 14080, Training Loss: 0.4119
   Time since start: 0:00:00.752038
[batch 240] samples: 15360, Training Loss: 0.2996
   Time since start: 0:00:00.802491
[batch 260] samples: 16640, Training Loss: 0.2284
   Time since start: 0:00:00.852891
[batch 280] samples: 17920, Training Loss: 0.1553
   Time since start: 0:00:00.903008
[batch 300] samples: 19200, Training Loss: 0.1001
   Time since start: 0:00:00.952381
[batch 320] samples: 20480, Training Loss: 0.1010
   Time since start: 0:00:01.005254
[batch 340] samples: 21760, Training Loss: 0.0623
   Time since start: 0:00:01.064269
[batch 360] samples: 23040, Training Loss: 0.0476
   Time since start: 0:00:01.116033
[batch 380] samples: 24320, Training Loss: 0.0430
   Time since start: 0:00:01.165506
[batch 400] samples: 25600, Training Loss: 0.0387
   Time since start: 0:00:01.221715
[batch 420] samples: 26880, Training Loss: 0.0234
   Time since start: 0:00:01.273469
[batch 440] samples: 28160, Training Loss: 0.0182
   Time since start: 0:00:01.328875
[batch 460] samples: 29440, Training Loss: 0.0167
   Time since start: 0:00:01.381236
[batch 480] samples: 30720, Training Loss: 0.0221
   Time since start: 0:00:01.433707
--m-Epoch 1 done.
   Training Loss: 0.8299
   Validation Loss: 0.0182
Epoch: 2 of 40
[batch 20] samples: 1280, Training Loss: 0.0124
   Time since start: 0:00:01.986106
[batch 40] samples: 2560, Training Loss: 0.0165
   Time since start: 0:00:02.038402
[batch 60] samples: 3840, Training Loss: 0.0114
   Time since start: 0:00:02.097865
[batch 80] samples: 5120, Training Loss: 0.0082
   Time since start: 0:00:02.149094
[batch 100] samples: 6400, Training Loss: 0.0051
   Time since start: 0:00:02.200372
[batch 120] samples: 7680, Training Loss: 0.0077
   Time since start: 0:00:02.251292
[batch 140] samples: 8960, Training Loss: 0.0089
   Time since start: 0:00:02.300274
[batch 160] samples: 10240, Training Loss: 0.0067
   Time since start: 0:00:02.353615
[batch 180] samples: 11520, Training Loss: 0.0054
   Time since start: 0:00:02.413120
[batch 200] samples: 12800, Training Loss: 0.0065
   Time since start: 0:00:02.470726
[batch 220] samples: 14080, Training Loss: 0.0074
   Time since start: 0:00:02.534256
[batch 240] samples: 15360, Training Loss: 0.0054
   Time since start: 0:00:02.607383
[batch 260] samples: 16640, Training Loss: 0.0045
   Time since start: 0:00:02.672055
[batch 280] samples: 17920, Training Loss: 0.0037
   Time since start: 0:00:02.729474
[batch 300] samples: 19200, Training Loss: 0.0056
   Time since start: 0:00:02.779436
[batch 320] samples: 20480, Training Loss: 0.0049
   Time since start: 0:00:02.831895
[batch 340] samples: 21760, Training Loss: 0.0033
   Time since start: 0:00:02.886725
[batch 360] samples: 23040, Training Loss: 0.0044
   Time since start: 0:00:02.947352
[batch 380] samples: 24320, Training Loss: 0.0039
   Time since start: 0:00:03.001397
[batch 400] samples: 25600, Training Loss: 0.0032
   Time since start: 0:00:03.051036
[batch 420] samples: 26880, Training Loss: 0.0034
   Time since start: 0:00:03.098207
[batch 440] samples: 28160, Training Loss: 0.0036
   Time since start: 0:00:03.150446
[batch 460] samples: 29440, Training Loss: 0.0024
   Time since start: 0:00:03.208097
[batch 480] samples: 30720, Training Loss: 0.0029
   Time since start: 0:00:03.271435
--m-Epoch 2 done.
   Training Loss: 0.0073
   Validation Loss: 0.0050
Epoch: 3 of 40
[batch 20] samples: 1280, Training Loss: 0.0024
   Time since start: 0:00:03.830988
[batch 40] samples: 2560, Training Loss: 0.0019
   Time since start: 0:00:03.884330
[batch 60] samples: 3840, Training Loss: 0.0021
   Time since start: 0:00:03.937672
[batch 80] samples: 5120, Training Loss: 0.0022
   Time since start: 0:00:03.988654
[batch 100] samples: 6400, Training Loss: 0.0023
   Time since start: 0:00:04.043776
[batch 120] samples: 7680, Training Loss: 0.0020
   Time since start: 0:00:04.094396
[batch 140] samples: 8960, Training Loss: 0.0021
   Time since start: 0:00:04.145805
[batch 160] samples: 10240, Training Loss: 0.0011
   Time since start: 0:00:04.200694
[batch 180] samples: 11520, Training Loss: 0.0019
   Time since start: 0:00:04.257052
[batch 200] samples: 12800, Training Loss: 0.0015
   Time since start: 0:00:04.326296
[batch 220] samples: 14080, Training Loss: 0.0014
   Time since start: 0:00:04.381899
[batch 240] samples: 15360, Training Loss: 0.0016
   Time since start: 0:00:04.431329
[batch 260] samples: 16640, Training Loss: 0.0023
   Time since start: 0:00:04.490408
[batch 280] samples: 17920, Training Loss: 0.0015
   Time since start: 0:00:04.543972
[batch 300] samples: 19200, Training Loss: 0.0016
   Time since start: 0:00:04.595210
[batch 320] samples: 20480, Training Loss: 0.0013
   Time since start: 0:00:04.643995
[batch 340] samples: 21760, Training Loss: 0.0015
   Time since start: 0:00:04.694077
[batch 360] samples: 23040, Training Loss: 0.0009
   Time since start: 0:00:04.750870
[batch 380] samples: 24320, Training Loss: 0.0014
   Time since start: 0:00:04.807754
[batch 400] samples: 25600, Training Loss: 0.0014
   Time since start: 0:00:04.860929
[batch 420] samples: 26880, Training Loss: 0.0009
   Time since start: 0:00:04.915122
[batch 440] samples: 28160, Training Loss: 0.0011
   Time since start: 0:00:04.970748
[batch 460] samples: 29440, Training Loss: 0.0008
   Time since start: 0:00:05.037683
[batch 480] samples: 30720, Training Loss: 0.0019
   Time since start: 0:00:05.102872
--m-Epoch 3 done.
   Training Loss: 0.0025
   Validation Loss: 0.0038
Epoch: 4 of 40
[batch 20] samples: 1280, Training Loss: 0.0009
   Time since start: 0:00:05.648309
[batch 40] samples: 2560, Training Loss: 0.0010
   Time since start: 0:00:05.704308
[batch 60] samples: 3840, Training Loss: 0.0007
   Time since start: 0:00:05.779177
[batch 80] samples: 5120, Training Loss: 0.0009
   Time since start: 0:00:05.853987
[batch 100] samples: 6400, Training Loss: 0.0009
   Time since start: 0:00:05.924751
[batch 120] samples: 7680, Training Loss: 0.0009
   Time since start: 0:00:05.980268
[batch 140] samples: 8960, Training Loss: 0.0010
   Time since start: 0:00:06.027758
[batch 160] samples: 10240, Training Loss: 0.0007
   Time since start: 0:00:06.076277
[batch 180] samples: 11520, Training Loss: 0.0008
   Time since start: 0:00:06.128213
[batch 200] samples: 12800, Training Loss: 0.0007
   Time since start: 0:00:06.184424
[batch 220] samples: 14080, Training Loss: 0.0007
   Time since start: 0:00:06.248666
[batch 240] samples: 15360, Training Loss: 0.0007
   Time since start: 0:00:06.312745
[batch 260] samples: 16640, Training Loss: 0.0005
   Time since start: 0:00:06.363796
[batch 280] samples: 17920, Training Loss: 0.0007
   Time since start: 0:00:06.412330
[batch 300] samples: 19200, Training Loss: 0.0008
   Time since start: 0:00:06.465666
[batch 320] samples: 20480, Training Loss: 0.0007
   Time since start: 0:00:06.524525
[batch 340] samples: 21760, Training Loss: 0.0006
   Time since start: 0:00:06.576714
[batch 360] samples: 23040, Training Loss: 0.0004
   Time since start: 0:00:06.636845
[batch 380] samples: 24320, Training Loss: 0.0006
   Time since start: 0:00:06.696965
[batch 400] samples: 25600, Training Loss: 0.0011
   Time since start: 0:00:06.749367
[batch 420] samples: 26880, Training Loss: 0.0004
   Time since start: 0:00:06.802119
[batch 440] samples: 28160, Training Loss: 0.0004
   Time since start: 0:00:06.850212
[batch 460] samples: 29440, Training Loss: 0.0006
   Time since start: 0:00:06.906428
[batch 480] samples: 30720, Training Loss: 0.0005
   Time since start: 0:00:06.964302
--m-Epoch 4 done.
   Training Loss: 0.0016
   Validation Loss: 0.0034
Epoch: 5 of 40
[batch 20] samples: 1280, Training Loss: 0.0005
   Time since start: 0:00:07.488372
[batch 40] samples: 2560, Training Loss: 0.0005
   Time since start: 0:00:07.539269
[batch 60] samples: 3840, Training Loss: 0.0003
   Time since start: 0:00:07.594666
[batch 80] samples: 5120, Training Loss: 0.0005
   Time since start: 0:00:07.653629
[batch 100] samples: 6400, Training Loss: 0.0004
   Time since start: 0:00:07.708268
[batch 120] samples: 7680, Training Loss: 0.0004
   Time since start: 0:00:07.761173
[batch 140] samples: 8960, Training Loss: 0.0005
   Time since start: 0:00:07.814374
[batch 160] samples: 10240, Training Loss: 0.0005
   Time since start: 0:00:07.872494
[batch 180] samples: 11520, Training Loss: 0.0003
   Time since start: 0:00:07.936883
[batch 200] samples: 12800, Training Loss: 0.0003
   Time since start: 0:00:07.994517
[batch 220] samples: 14080, Training Loss: 0.0004
   Time since start: 0:00:08.054743
[batch 240] samples: 15360, Training Loss: 0.0015
   Time since start: 0:00:08.109608
[batch 260] samples: 16640, Training Loss: 0.0004
   Time since start: 0:00:08.164608
[batch 280] samples: 17920, Training Loss: 0.0004
   Time since start: 0:00:08.220018
[batch 300] samples: 19200, Training Loss: 0.0003
   Time since start: 0:00:08.269667
[batch 320] samples: 20480, Training Loss: 0.0004
   Time since start: 0:00:08.318448
[batch 340] samples: 21760, Training Loss: 0.0003
   Time since start: 0:00:08.368603
[batch 360] samples: 23040, Training Loss: 0.0003
   Time since start: 0:00:08.421115
[batch 380] samples: 24320, Training Loss: 0.0003
   Time since start: 0:00:08.474738
[batch 400] samples: 25600, Training Loss: 0.0002
   Time since start: 0:00:08.529414
[batch 420] samples: 26880, Training Loss: 0.0003
   Time since start: 0:00:08.583714
[batch 440] samples: 28160, Training Loss: 0.0003
   Time since start: 0:00:08.633886
[batch 460] samples: 29440, Training Loss: 0.0009
   Time since start: 0:00:08.688691
[batch 480] samples: 30720, Training Loss: 0.0003
   Time since start: 0:00:08.739042
--m-Epoch 5 done.
   Training Loss: 0.0012
   Validation Loss: 0.0034
patience decreased: patience is now  4
Epoch: 6 of 40
[batch 20] samples: 1280, Training Loss: 0.0008
   Time since start: 0:00:09.319146
[batch 40] samples: 2560, Training Loss: 0.0005
   Time since start: 0:00:09.370952
[batch 60] samples: 3840, Training Loss: 0.0003
   Time since start: 0:00:09.425572
[batch 80] samples: 5120, Training Loss: 0.0002
   Time since start: 0:00:09.478631
[batch 100] samples: 6400, Training Loss: 0.0003
   Time since start: 0:00:09.533044
[batch 120] samples: 7680, Training Loss: 0.0003
   Time since start: 0:00:09.586291
[batch 140] samples: 8960, Training Loss: 0.0006
   Time since start: 0:00:09.641576
[batch 160] samples: 10240, Training Loss: 0.0003
   Time since start: 0:00:09.700977
[batch 180] samples: 11520, Training Loss: 0.0002
   Time since start: 0:00:09.763720
[batch 200] samples: 12800, Training Loss: 0.0005
   Time since start: 0:00:09.820690
[batch 220] samples: 14080, Training Loss: 0.0003
   Time since start: 0:00:09.878849
[batch 240] samples: 15360, Training Loss: 0.0002
   Time since start: 0:00:09.935967
[batch 260] samples: 16640, Training Loss: 0.0002
   Time since start: 0:00:10.003705
[batch 280] samples: 17920, Training Loss: 0.0002
   Time since start: 0:00:10.066727
[batch 300] samples: 19200, Training Loss: 0.0002
   Time since start: 0:00:10.117675
[batch 320] samples: 20480, Training Loss: 0.0002
   Time since start: 0:00:10.167073
[batch 340] samples: 21760, Training Loss: 0.0002
   Time since start: 0:00:10.226179
[batch 360] samples: 23040, Training Loss: 0.0002
   Time since start: 0:00:10.293677
[batch 380] samples: 24320, Training Loss: 0.0002
   Time since start: 0:00:10.357641
[batch 400] samples: 25600, Training Loss: 0.0003
   Time since start: 0:00:10.441650
[batch 420] samples: 26880, Training Loss: 0.0002
   Time since start: 0:00:10.518490
[batch 440] samples: 28160, Training Loss: 0.0002
   Time since start: 0:00:10.574045
[batch 460] samples: 29440, Training Loss: 0.0002
   Time since start: 0:00:10.627785
[batch 480] samples: 30720, Training Loss: 0.0002
   Time since start: 0:00:10.683616
--m-Epoch 6 done.
   Training Loss: 0.0012
   Validation Loss: 0.0033
patience decreased: patience is now  3
Epoch: 7 of 40
[batch 20] samples: 1280, Training Loss: 0.0002
   Time since start: 0:00:11.243919
[batch 40] samples: 2560, Training Loss: 0.0002
   Time since start: 0:00:11.307539
[batch 60] samples: 3840, Training Loss: 0.0002
   Time since start: 0:00:11.372116
[batch 80] samples: 5120, Training Loss: 0.0002
   Time since start: 0:00:11.435269
[batch 100] samples: 6400, Training Loss: 0.0002
   Time since start: 0:00:11.498664
[batch 120] samples: 7680, Training Loss: 0.0003
   Time since start: 0:00:11.553480
[batch 140] samples: 8960, Training Loss: 0.0009
   Time since start: 0:00:11.610590
[batch 160] samples: 10240, Training Loss: 0.0002
   Time since start: 0:00:11.664763
[batch 180] samples: 11520, Training Loss: 0.0011
   Time since start: 0:00:11.716143
[batch 200] samples: 12800, Training Loss: 0.0001
   Time since start: 0:00:11.767781
[batch 220] samples: 14080, Training Loss: 0.0001
   Time since start: 0:00:11.822238
[batch 240] samples: 15360, Training Loss: 0.0002
   Time since start: 0:00:11.873378
[batch 260] samples: 16640, Training Loss: 0.0001
   Time since start: 0:00:11.927774
[batch 280] samples: 17920, Training Loss: 0.0001
   Time since start: 0:00:11.982760
[batch 300] samples: 19200, Training Loss: 0.0002
   Time since start: 0:00:12.039400
[batch 320] samples: 20480, Training Loss: 0.0001
   Time since start: 0:00:12.093242
[batch 340] samples: 21760, Training Loss: 0.0002
   Time since start: 0:00:12.155020
[batch 360] samples: 23040, Training Loss: 0.0002
   Time since start: 0:00:12.215743
[batch 380] samples: 24320, Training Loss: 0.0001
   Time since start: 0:00:12.270614
[batch 400] samples: 25600, Training Loss: 0.0001
   Time since start: 0:00:12.335005
[batch 420] samples: 26880, Training Loss: 0.0002
   Time since start: 0:00:12.413707
[batch 440] samples: 28160, Training Loss: 0.0001
   Time since start: 0:00:12.475272
[batch 460] samples: 29440, Training Loss: 0.0001
   Time since start: 0:00:12.527924
[batch 480] samples: 30720, Training Loss: 0.0002
   Time since start: 0:00:12.581888
--m-Epoch 7 done.
   Training Loss: 0.0010
   Validation Loss: 0.0034
patience decreased: patience is now  2
Epoch: 8 of 40
[batch 20] samples: 1280, Training Loss: 0.0001
   Time since start: 0:00:13.124575
[batch 40] samples: 2560, Training Loss: 0.0001
   Time since start: 0:00:13.183483
[batch 60] samples: 3840, Training Loss: 0.0001
   Time since start: 0:00:13.242809
[batch 80] samples: 5120, Training Loss: 0.0001
   Time since start: 0:00:13.301344
[batch 100] samples: 6400, Training Loss: 0.0001
   Time since start: 0:00:13.357860
[batch 120] samples: 7680, Training Loss: 0.0009
   Time since start: 0:00:13.413382
[batch 140] samples: 8960, Training Loss: 0.0001
   Time since start: 0:00:13.468986
[batch 160] samples: 10240, Training Loss: 0.0001
   Time since start: 0:00:13.529492
[batch 180] samples: 11520, Training Loss: 0.0001
   Time since start: 0:00:13.595544
[batch 200] samples: 12800, Training Loss: 0.0001
   Time since start: 0:00:13.668596
[batch 220] samples: 14080, Training Loss: 0.0001
   Time since start: 0:00:13.735658
[batch 240] samples: 15360, Training Loss: 0.0001
   Time since start: 0:00:13.802161
[batch 260] samples: 16640, Training Loss: 0.0001
   Time since start: 0:00:13.852079
[batch 280] samples: 17920, Training Loss: 0.0001
   Time since start: 0:00:13.904990
[batch 300] samples: 19200, Training Loss: 0.0008
   Time since start: 0:00:13.957762
[batch 320] samples: 20480, Training Loss: 0.0001
   Time since start: 0:00:14.006264
[batch 340] samples: 21760, Training Loss: 0.0001
   Time since start: 0:00:14.061627
[batch 360] samples: 23040, Training Loss: 0.0001
   Time since start: 0:00:14.113137
[batch 380] samples: 24320, Training Loss: 0.0001
   Time since start: 0:00:14.183606
[batch 400] samples: 25600, Training Loss: 0.0001
   Time since start: 0:00:14.276869
[batch 420] samples: 26880, Training Loss: 0.0001
   Time since start: 0:00:14.355041
[batch 440] samples: 28160, Training Loss: 0.0001
   Time since start: 0:00:14.410957
[batch 460] samples: 29440, Training Loss: 0.0022
   Time since start: 0:00:14.465274
[batch 480] samples: 30720, Training Loss: 0.0001
   Time since start: 0:00:14.519277
--m-Epoch 8 done.
   Training Loss: 0.0011
   Validation Loss: 0.0034
patience decreased: patience is now  1
Epoch: 9 of 40
[batch 20] samples: 1280, Training Loss: 0.0001
   Time since start: 0:00:15.078173
[batch 40] samples: 2560, Training Loss: 0.0013
   Time since start: 0:00:15.128184
[batch 60] samples: 3840, Training Loss: 0.0001
   Time since start: 0:00:15.176804
[batch 80] samples: 5120, Training Loss: 0.0001
   Time since start: 0:00:15.228955
[batch 100] samples: 6400, Training Loss: 0.0001
   Time since start: 0:00:15.278126
[batch 120] samples: 7680, Training Loss: 0.0001
   Time since start: 0:00:15.334204
[batch 140] samples: 8960, Training Loss: 0.1651
   Time since start: 0:00:15.390505
[batch 160] samples: 10240, Training Loss: 0.0004
   Time since start: 0:00:15.443447
[batch 180] samples: 11520, Training Loss: 0.0001
   Time since start: 0:00:15.502275
[batch 200] samples: 12800, Training Loss: 0.0001
   Time since start: 0:00:15.562856
[batch 220] samples: 14080, Training Loss: 0.0001
   Time since start: 0:00:15.613909
[batch 240] samples: 15360, Training Loss: 0.0001
   Time since start: 0:00:15.663506
[batch 260] samples: 16640, Training Loss: 0.0001
   Time since start: 0:00:15.726645
[batch 280] samples: 17920, Training Loss: 0.0001
   Time since start: 0:00:15.780969
[batch 300] samples: 19200, Training Loss: 0.0001
   Time since start: 0:00:15.832711
[batch 320] samples: 20480, Training Loss: 0.0001
   Time since start: 0:00:15.884017
[batch 340] samples: 21760, Training Loss: 0.0001
   Time since start: 0:00:15.941024
[batch 360] samples: 23040, Training Loss: 0.0001
   Time since start: 0:00:16.000944
[batch 380] samples: 24320, Training Loss: 0.0015
   Time since start: 0:00:16.048738
[batch 400] samples: 25600, Training Loss: 0.0001
   Time since start: 0:00:16.104427
[batch 420] samples: 26880, Training Loss: 0.0001
   Time since start: 0:00:16.169110
[batch 440] samples: 28160, Training Loss: 0.0001
   Time since start: 0:00:16.226939
[batch 460] samples: 29440, Training Loss: 0.0001
   Time since start: 0:00:16.275262
[batch 480] samples: 30720, Training Loss: 0.0001
   Time since start: 0:00:16.332171
--m-Epoch 9 done.
   Training Loss: 0.0011
   Validation Loss: 0.0035
patience decreased: patience is now  0
Stopping early
     precision    recall  f1-score      support  epoch  class
0     1.000000  0.952381  0.975610    42.000000      1      0
1     0.997753  1.000000  0.998875   444.000000      1      1
2     1.000000  1.000000  1.000000   450.000000      1      2
3     1.000000  1.000000  1.000000   282.000000      1      3
4     1.000000  1.000000  1.000000   396.000000      1      4
..         ...       ...       ...          ...    ...    ...
409   1.000000  1.000000  1.000000    48.000000      9     41
410   1.000000  1.000000  1.000000    48.000000      9     42
411   0.999745  0.999745  0.999745     0.999745      9      0
412   0.999885  0.998893  0.999375  7842.000000      9      1
413   0.999746  0.999745  0.999742  7842.000000      9      2

[414 rows x 6 columns]
