/vol/fob-vol1/mi23/ziglowsa/Payload/src/training/training_loop_clean.py:69: FutureWarning: `torch.cuda.amp.GradScaler(args...)` is deprecated. Please use `torch.amp.GradScaler('cuda', args...)` instead.
  scaler = torch.cuda.amp.GradScaler(enabled=(device.type == "cuda"))
Traceback (most recent call last):
Traceback (most recent call last):
  File "/usr/local/anaconda3-2023.03/lib/python3.10/multiprocessing/util.py", line 300, in _run_finalizers
    finalizer()
  File "/usr/local/anaconda3-2023.03/lib/python3.10/multiprocessing/util.py", line 300, in _run_finalizers
    finalizer()
  File "/usr/local/anaconda3-2023.03/lib/python3.10/multiprocessing/util.py", line 224, in __call__
    res = self._callback(*self._args, **self._kwargs)
  File "/usr/local/anaconda3-2023.03/lib/python3.10/multiprocessing/util.py", line 224, in __call__
    res = self._callback(*self._args, **self._kwargs)
  File "/usr/local/anaconda3-2023.03/lib/python3.10/multiprocessing/util.py", line 133, in _remove_temp_dir
    rmtree(tempdir)
  File "/usr/local/anaconda3-2023.03/lib/python3.10/multiprocessing/util.py", line 133, in _remove_temp_dir
    rmtree(tempdir)
  File "/usr/local/anaconda3-2023.03/lib/python3.10/shutil.py", line 725, in rmtree
    _rmtree_safe_fd(fd, path, onerror)
  File "/usr/local/anaconda3-2023.03/lib/python3.10/shutil.py", line 725, in rmtree
    _rmtree_safe_fd(fd, path, onerror)
  File "/usr/local/anaconda3-2023.03/lib/python3.10/shutil.py", line 681, in _rmtree_safe_fd
    onerror(os.unlink, fullname, sys.exc_info())
  File "/usr/local/anaconda3-2023.03/lib/python3.10/shutil.py", line 681, in _rmtree_safe_fd
    onerror(os.unlink, fullname, sys.exc_info())
  File "/usr/local/anaconda3-2023.03/lib/python3.10/shutil.py", line 679, in _rmtree_safe_fd
    os.unlink(entry.name, dir_fd=topfd)
  File "/usr/local/anaconda3-2023.03/lib/python3.10/shutil.py", line 679, in _rmtree_safe_fd
    os.unlink(entry.name, dir_fd=topfd)
OSError: [Errno 16] Device or resource busy: '.nfs000000008703b6d9000005ca'
OSError: [Errno 16] Device or resource busy: '.nfs00000000ca72feea000005c9'
Traceback (most recent call last):
  File "/usr/local/anaconda3-2023.03/lib/python3.10/multiprocessing/util.py", line 300, in _run_finalizers
    finalizer()
  File "/usr/local/anaconda3-2023.03/lib/python3.10/multiprocessing/util.py", line 224, in __call__
    res = self._callback(*self._args, **self._kwargs)
  File "/usr/local/anaconda3-2023.03/lib/python3.10/multiprocessing/util.py", line 133, in _remove_temp_dir
    rmtree(tempdir)
  File "/usr/local/anaconda3-2023.03/lib/python3.10/shutil.py", line 725, in rmtree
    _rmtree_safe_fd(fd, path, onerror)
  File "/usr/local/anaconda3-2023.03/lib/python3.10/shutil.py", line 681, in _rmtree_safe_fd
    onerror(os.unlink, fullname, sys.exc_info())
  File "/usr/local/anaconda3-2023.03/lib/python3.10/shutil.py", line 679, in _rmtree_safe_fd
    os.unlink(entry.name, dir_fd=topfd)
OSError: [Errno 16] Device or resource busy: '.nfs000000009355f72b000005cc'
Traceback (most recent call last):
  File "/usr/local/anaconda3-2023.03/lib/python3.10/multiprocessing/util.py", line 300, in _run_finalizers
    finalizer()
  File "/usr/local/anaconda3-2023.03/lib/python3.10/multiprocessing/util.py", line 224, in __call__
    res = self._callback(*self._args, **self._kwargs)
  File "/usr/local/anaconda3-2023.03/lib/python3.10/multiprocessing/util.py", line 133, in _remove_temp_dir
    rmtree(tempdir)
  File "/usr/local/anaconda3-2023.03/lib/python3.10/shutil.py", line 725, in rmtree
    _rmtree_safe_fd(fd, path, onerror)
  File "/usr/local/anaconda3-2023.03/lib/python3.10/shutil.py", line 681, in _rmtree_safe_fd
    onerror(os.unlink, fullname, sys.exc_info())
  File "/usr/local/anaconda3-2023.03/lib/python3.10/shutil.py", line 679, in _rmtree_safe_fd
    os.unlink(entry.name, dir_fd=topfd)
OSError: [Errno 16] Device or resource busy: '.nfs000000005b5614fc000005cb'
/vol/fob-vol1/mi23/ziglowsa/venvs/payload_venv/lib/python3.10/site-packages/sklearn/metrics/_classification.py:1731: UndefinedMetricWarning: Precision is ill-defined and being set to 0.0 in labels with no predicted samples. Use `zero_division` parameter to control this behavior.
  _warn_prf(average, modifier, f"{metric.capitalize()} is", result.shape[0])
Traceback (most recent call last):
  File "/usr/local/anaconda3-2023.03/lib/python3.10/multiprocessing/util.py", line 300, in _run_finalizers
    finalizer()
  File "/usr/local/anaconda3-2023.03/lib/python3.10/multiprocessing/util.py", line 224, in __call__
    res = self._callback(*self._args, **self._kwargs)
  File "/usr/local/anaconda3-2023.03/lib/python3.10/multiprocessing/util.py", line 133, in _remove_temp_dir
    rmtree(tempdir)
  File "/usr/local/anaconda3-2023.03/lib/python3.10/shutil.py", line 725, in rmtree
    _rmtree_safe_fd(fd, path, onerror)
  File "/usr/local/anaconda3-2023.03/lib/python3.10/shutil.py", line 681, in _rmtree_safe_fd
    onerror(os.unlink, fullname, sys.exc_info())
  File "/usr/local/anaconda3-2023.03/lib/python3.10/shutil.py", line 679, in _rmtree_safe_fd
    os.unlink(entry.name, dir_fd=topfd)
OSError: [Errno 16] Device or resource busy: '.nfs00000000d27a8932000005cd'
Traceback (most recent call last):
  File "/usr/local/anaconda3-2023.03/lib/python3.10/multiprocessing/util.py", line 300, in _run_finalizers
    finalizer()
  File "/usr/local/anaconda3-2023.03/lib/python3.10/multiprocessing/util.py", line 224, in __call__
    res = self._callback(*self._args, **self._kwargs)
  File "/usr/local/anaconda3-2023.03/lib/python3.10/multiprocessing/util.py", line 133, in _remove_temp_dir
    rmtree(tempdir)
  File "/usr/local/anaconda3-2023.03/lib/python3.10/shutil.py", line 725, in rmtree
    _rmtree_safe_fd(fd, path, onerror)
  File "/usr/local/anaconda3-2023.03/lib/python3.10/shutil.py", line 681, in _rmtree_safe_fd
    onerror(os.unlink, fullname, sys.exc_info())
  File "/usr/local/anaconda3-2023.03/lib/python3.10/shutil.py", line 679, in _rmtree_safe_fd
    os.unlink(entry.name, dir_fd=topfd)
OSError: [Errno 16] Device or resource busy: '.nfs00000000d59d1620000005ce'
Traceback (most recent call last):
  File "/usr/local/anaconda3-2023.03/lib/python3.10/multiprocessing/util.py", line 300, in _run_finalizers
    finalizer()
  File "/usr/local/anaconda3-2023.03/lib/python3.10/multiprocessing/util.py", line 224, in __call__
    res = self._callback(*self._args, **self._kwargs)
  File "/usr/local/anaconda3-2023.03/lib/python3.10/multiprocessing/util.py", line 133, in _remove_temp_dir
    rmtree(tempdir)
  File "/usr/local/anaconda3-2023.03/lib/python3.10/shutil.py", line 725, in rmtree
    _rmtree_safe_fd(fd, path, onerror)
  File "/usr/local/anaconda3-2023.03/lib/python3.10/shutil.py", line 681, in _rmtree_safe_fd
    onerror(os.unlink, fullname, sys.exc_info())
  File "/usr/local/anaconda3-2023.03/lib/python3.10/shutil.py", line 679, in _rmtree_safe_fd
    os.unlink(entry.name, dir_fd=topfd)
OSError: [Errno 16] Device or resource busy: '.nfs00000000ba8f1cd1000005cf'
Traceback (most recent call last):
  File "/usr/local/anaconda3-2023.03/lib/python3.10/multiprocessing/util.py", line 300, in _run_finalizers
    finalizer()
  File "/usr/local/anaconda3-2023.03/lib/python3.10/multiprocessing/util.py", line 224, in __call__
    res = self._callback(*self._args, **self._kwargs)
  File "/usr/local/anaconda3-2023.03/lib/python3.10/multiprocessing/util.py", line 133, in _remove_temp_dir
    rmtree(tempdir)
  File "/usr/local/anaconda3-2023.03/lib/python3.10/shutil.py", line 725, in rmtree
    _rmtree_safe_fd(fd, path, onerror)
  File "/usr/local/anaconda3-2023.03/lib/python3.10/shutil.py", line 681, in _rmtree_safe_fd
    onerror(os.unlink, fullname, sys.exc_info())
  File "/usr/local/anaconda3-2023.03/lib/python3.10/shutil.py", line 679, in _rmtree_safe_fd
    os.unlink(entry.name, dir_fd=topfd)
OSError: [Errno 16] Device or resource busy: '.nfs00000000d6868446000005d0'
