Requirement already satisfied: pip in /vol/fob-vol1/mi23/ziglowsa/venvs/payload_venv/lib/python3.10/site-packages (25.3)
Requirement already satisfied: wheel in /vol/fob-vol1/mi23/ziglowsa/venvs/payload_venv/lib/python3.10/site-packages (0.45.1)
Requirement already satisfied: setuptools in /vol/fob-vol1/mi23/ziglowsa/venvs/payload_venv/lib/python3.10/site-packages (80.9.0)
Requirement already satisfied: packaging in /vol/fob-vol1/mi23/ziglowsa/venvs/payload_venv/lib/python3.10/site-packages (25.0)
All required imports already available in venv.
Ensuring torch stack in venv (torch=2.4.1, torchvision=0.19.1, torchaudio=2.4.1)
Looking in indexes: https://download.pytorch.org/whl/cu121
Requirement already satisfied: torch==2.4.1 in /vol/fob-vol1/mi23/ziglowsa/venvs/payload_venv/lib/python3.10/site-packages (2.4.1+cu121)
Collecting torchvision==0.19.1
  Downloading https://download.pytorch.org/whl/cu121/torchvision-0.19.1%2Bcu121-cp310-cp310-linux_x86_64.whl (7.1 MB)
     ━━━━━━━━━━━━━━━━━━━━━━━━━━━━━━━━━━━━━━━━ 7.1/7.1 MB 383.9 MB/s  0:00:00
Collecting torchaudio==2.4.1
  Downloading https://download.pytorch.org/whl/cu121/torchaudio-2.4.1%2Bcu121-cp310-cp310-linux_x86_64.whl (3.4 MB)
     ━━━━━━━━━━━━━━━━━━━━━━━━━━━━━━━━━━━━━━━━ 3.4/3.4 MB 335.1 MB/s  0:00:00
Requirement already satisfied: filelock in /vol/fob-vol1/mi23/ziglowsa/venvs/payload_venv/lib/python3.10/site-packages (from torch==2.4.1) (3.19.1)
Requirement already satisfied: typing-extensions>=4.8.0 in /vol/fob-vol1/mi23/ziglowsa/venvs/payload_venv/lib/python3.10/site-packages (from torch==2.4.1) (4.15.0)
Requirement already satisfied: sympy in /vol/fob-vol1/mi23/ziglowsa/venvs/payload_venv/lib/python3.10/site-packages (from torch==2.4.1) (1.14.0)
Requirement already satisfied: networkx in /vol/fob-vol1/mi23/ziglowsa/venvs/payload_venv/lib/python3.10/site-packages (from torch==2.4.1) (3.3)
Requirement already satisfied: jinja2 in /vol/fob-vol1/mi23/ziglowsa/venvs/payload_venv/lib/python3.10/site-packages (from torch==2.4.1) (3.1.6)
Requirement already satisfied: fsspec in /vol/fob-vol1/mi23/ziglowsa/venvs/payload_venv/lib/python3.10/site-packages (from torch==2.4.1) (2025.9.0)
Requirement already satisfied: nvidia-cuda-nvrtc-cu12==12.1.105 in /vol/fob-vol1/mi23/ziglowsa/venvs/payload_venv/lib/python3.10/site-packages (from torch==2.4.1) (12.1.105)
Requirement already satisfied: nvidia-cuda-runtime-cu12==12.1.105 in /vol/fob-vol1/mi23/ziglowsa/venvs/payload_venv/lib/python3.10/site-packages (from torch==2.4.1) (12.1.105)
Requirement already satisfied: nvidia-cuda-cupti-cu12==12.1.105 in /vol/fob-vol1/mi23/ziglowsa/venvs/payload_venv/lib/python3.10/site-packages (from torch==2.4.1) (12.1.105)
Requirement already satisfied: nvidia-cudnn-cu12==9.1.0.70 in /vol/fob-vol1/mi23/ziglowsa/venvs/payload_venv/lib/python3.10/site-packages (from torch==2.4.1) (9.1.0.70)
Requirement already satisfied: nvidia-cublas-cu12==12.1.3.1 in /vol/fob-vol1/mi23/ziglowsa/venvs/payload_venv/lib/python3.10/site-packages (from torch==2.4.1) (12.1.3.1)
Requirement already satisfied: nvidia-cufft-cu12==11.0.2.54 in /vol/fob-vol1/mi23/ziglowsa/venvs/payload_venv/lib/python3.10/site-packages (from torch==2.4.1) (11.0.2.54)
Requirement already satisfied: nvidia-curand-cu12==10.3.2.106 in /vol/fob-vol1/mi23/ziglowsa/venvs/payload_venv/lib/python3.10/site-packages (from torch==2.4.1) (10.3.2.106)
Requirement already satisfied: nvidia-cusolver-cu12==11.4.5.107 in /vol/fob-vol1/mi23/ziglowsa/venvs/payload_venv/lib/python3.10/site-packages (from torch==2.4.1) (11.4.5.107)
Requirement already satisfied: nvidia-cusparse-cu12==12.1.0.106 in /vol/fob-vol1/mi23/ziglowsa/venvs/payload_venv/lib/python3.10/site-packages (from torch==2.4.1) (12.1.0.106)
Requirement already satisfied: nvidia-nccl-cu12==2.20.5 in /vol/fob-vol1/mi23/ziglowsa/venvs/payload_venv/lib/python3.10/site-packages (from torch==2.4.1) (2.20.5)
Requirement already satisfied: nvidia-nvtx-cu12==12.1.105 in /vol/fob-vol1/mi23/ziglowsa/venvs/payload_venv/lib/python3.10/site-packages (from torch==2.4.1) (12.1.105)
Requirement already satisfied: triton==3.0.0 in /vol/fob-vol1/mi23/ziglowsa/venvs/payload_venv/lib/python3.10/site-packages (from torch==2.4.1) (3.0.0)
Requirement already satisfied: numpy in /vol/fob-vol1/mi23/ziglowsa/venvs/payload_venv/lib/python3.10/site-packages (from torchvision==0.19.1) (2.2.6)
Collecting pillow!=8.3.*,>=5.3.0 (from torchvision==0.19.1)
  Downloading https://download.pytorch.org/whl/pillow-11.3.0-cp310-cp310-manylinux_2_27_x86_64.manylinux_2_28_x86_64.whl.metadata (9.0 kB)
Requirement already satisfied: nvidia-nvjitlink-cu12 in /vol/fob-vol1/mi23/ziglowsa/venvs/payload_venv/lib/python3.10/site-packages (from nvidia-cusolver-cu12==11.4.5.107->torch==2.4.1) (12.9.86)
Requirement already satisfied: MarkupSafe>=2.0 in /vol/fob-vol1/mi23/ziglowsa/venvs/payload_venv/lib/python3.10/site-packages (from jinja2->torch==2.4.1) (2.1.5)
Requirement already satisfied: mpmath<1.4,>=1.1.0 in /vol/fob-vol1/mi23/ziglowsa/venvs/payload_venv/lib/python3.10/site-packages (from sympy->torch==2.4.1) (1.3.0)
Downloading https://download.pytorch.org/whl/pillow-11.3.0-cp310-cp310-manylinux_2_27_x86_64.manylinux_2_28_x86_64.whl (6.6 MB)
   ━━━━━━━━━━━━━━━━━━━━━━━━━━━━━━━━━━━━━━━━ 6.6/6.6 MB 283.1 MB/s  0:00:00
Installing collected packages: pillow, torchvision, torchaudio

Successfully installed pillow-11.3.0 torchaudio-2.4.1+cu121 torchvision-0.19.1+cu121
Import check passed (including torchvision).
=== ENV ===
HOSTNAME: gruenau1
PARTITION: gpu
CUDA_VISIBLE_DEVICES: 0
PWD: /vol/fob-vol1/mi23/ziglowsa/Payload
numpy: 2.2.6
torch: 2.4.1+cu121 cuda: 12.1 is_available: True
torchvision: 0.19.1+cu121
nvidia-smi -L: GPU 0: Tesla V100-PCIE-32GB (UUID: GPU-502de52b-61ca-040e-e44d-5cee4e192a9d)
Epoch: 0 of 5
[batch 20] samples: 320, Training Loss: 0.3582
   Validation Loss: 1.3984
   Time since start: 0:00:22.559267
[batch 40] samples: 640, Training Loss: 0.1839
   Validation Loss: 2.2811
   Time since start: 0:00:56.452440
[batch 60] samples: 960, Training Loss: 0.1226
   Validation Loss: 2.3387
   Time since start: 0:01:18.155185
[batch 80] samples: 1280, Training Loss: 0.0920
   Validation Loss: 2.9377
   Time since start: 0:01:37.619326
[batch 100] samples: 1600, Training Loss: 0.0736
   Validation Loss: 2.5813
   Time since start: 0:01:56.934703
[batch 120] samples: 1920, Training Loss: 0.0613
   Validation Loss: 2.6369
   Time since start: 0:02:16.126369
[batch 140] samples: 2240, Training Loss: 0.0739
   Validation Loss: 2.1146
   Time since start: 0:02:35.390217
[batch 160] samples: 2560, Training Loss: 0.0647
   Validation Loss: 2.7813
   Time since start: 0:02:55.769455
[batch 180] samples: 2880, Training Loss: 0.0575
   Validation Loss: 2.5270
   Time since start: 0:03:15.664600
[batch 200] samples: 3200, Training Loss: 0.0518
   Validation Loss: 2.6454
   Time since start: 0:03:35.439598
[batch 220] samples: 3520, Training Loss: 0.0471
   Validation Loss: 2.7220
   Time since start: 0:03:55.823125
[batch 240] samples: 3840, Training Loss: 0.0647
   Validation Loss: 0.6073
   Time since start: 0:04:16.311819
[batch 260] samples: 4160, Training Loss: 0.0620
   Validation Loss: 1.6404
   Time since start: 0:04:36.338526
[batch 280] samples: 4480, Training Loss: 0.0576
   Validation Loss: 2.1440
   Time since start: 0:04:56.223786
[batch 300] samples: 4800, Training Loss: 0.0538
   Validation Loss: 1.6311
   Time since start: 0:05:16.022236
[batch 320] samples: 5120, Training Loss: 0.0602
   Validation Loss: 1.3052
   Time since start: 0:05:37.488385
[batch 340] samples: 5440, Training Loss: 0.0566
   Validation Loss: 1.5450
   Time since start: 0:05:56.265975
[batch 360] samples: 5760, Training Loss: 0.0535
   Validation Loss: 1.4944
   Time since start: 0:06:14.610380
[batch 380] samples: 6080, Training Loss: 0.0507
   Validation Loss: 1.4291
   Time since start: 0:06:33.676928
[batch 400] samples: 6400, Training Loss: 0.0482
   Validation Loss: 1.5362
   Time since start: 0:06:53.654219
[batch 420] samples: 6720, Training Loss: 0.0529
   Validation Loss: 1.0760
   Time since start: 0:07:12.731779
[batch 440] samples: 7040, Training Loss: 0.0505
   Validation Loss: 1.3679
   Time since start: 0:07:32.730395
[batch 460] samples: 7360, Training Loss: 0.0483
   Validation Loss: 1.4352
   Time since start: 0:07:51.393436
[batch 480] samples: 7680, Training Loss: 0.0463
   Validation Loss: 1.7559
   Time since start: 0:08:09.975562
[batch 500] samples: 8000, Training Loss: 0.0463
   Validation Loss: 1.3331
   Time since start: 0:08:28.457641
[batch 520] samples: 8320, Training Loss: 0.0476
   Validation Loss: 1.9347
   Time since start: 0:08:47.063285
   Patience decreased - Patience is now 4
[batch 540] samples: 8640, Training Loss: 0.0535
   Validation Loss: 1.2996
   Time since start: 0:09:06.311218
   Patience decreased - Patience is now 3
[batch 560] samples: 8960, Training Loss: 0.0516
   Validation Loss: 1.9818
   Time since start: 0:09:27.100730
   Patience decreased - Patience is now 2
[batch 580] samples: 9280, Training Loss: 0.0498
   Validation Loss: 1.9569
   Time since start: 0:09:44.928683
   Patience decreased - Patience is now 1
[batch 600] samples: 9600, Training Loss: 0.0498
   Validation Loss: 1.3938
   Time since start: 0:10:04.432189
   Patience decreased - Patience is now 0
--m-Epoch 1 done.
   Training Loss: 0.0498
   Validation Loss: 1.2489
Epoch: 0 of 5
[batch 20] samples: 320, Training Loss: 1.5970
   Validation Loss: 0.8817
   Time since start: 0:00:02.882845
[batch 40] samples: 640, Training Loss: 0.7987
   Validation Loss: 1.1448
   Time since start: 0:00:42.304906
   Patience decreased - Patience is now 4
[batch 60] samples: 960, Training Loss: 0.5325
   Validation Loss: 1.5749
   Time since start: 0:01:03.255403
   Patience decreased - Patience is now 3
[batch 80] samples: 1280, Training Loss: 0.3994
   Validation Loss: 1.6219
   Time since start: 0:01:21.297200
   Patience decreased - Patience is now 2
[batch 100] samples: 1600, Training Loss: 0.3195
   Validation Loss: 1.5415
   Time since start: 0:01:40.823682
   Patience decreased - Patience is now 1
[batch 120] samples: 1920, Training Loss: 0.2663
   Validation Loss: 1.5210
   Time since start: 0:02:00.396196
   Patience decreased - Patience is now 0
--m-Epoch 1 done.
   Training Loss: 0.2663
   Validation Loss: 1.5206
