/vol/fob-vol1/mi23/ziglowsa/Payload/src/training/training_loop_clean.py:69: FutureWarning: `torch.cuda.amp.GradScaler(args...)` is deprecated. Please use `torch.amp.GradScaler('cuda', args...)` instead.
  scaler = torch.cuda.amp.GradScaler(enabled=(device.type == "cuda"))
Traceback (most recent call last):
Traceback (most recent call last):
  File "/usr/local/anaconda3-2023.03/lib/python3.10/multiprocessing/util.py", line 300, in _run_finalizers
    finalizer()
  File "/usr/local/anaconda3-2023.03/lib/python3.10/multiprocessing/util.py", line 300, in _run_finalizers
    finalizer()
  File "/usr/local/anaconda3-2023.03/lib/python3.10/multiprocessing/util.py", line 224, in __call__
    res = self._callback(*self._args, **self._kwargs)
  File "/usr/local/anaconda3-2023.03/lib/python3.10/multiprocessing/util.py", line 224, in __call__
    res = self._callback(*self._args, **self._kwargs)
  File "/usr/local/anaconda3-2023.03/lib/python3.10/multiprocessing/util.py", line 133, in _remove_temp_dir
    rmtree(tempdir)
  File "/usr/local/anaconda3-2023.03/lib/python3.10/multiprocessing/util.py", line 133, in _remove_temp_dir
    rmtree(tempdir)
  File "/usr/local/anaconda3-2023.03/lib/python3.10/shutil.py", line 725, in rmtree
    _rmtree_safe_fd(fd, path, onerror)
  File "/usr/local/anaconda3-2023.03/lib/python3.10/shutil.py", line 725, in rmtree
    _rmtree_safe_fd(fd, path, onerror)
  File "/usr/local/anaconda3-2023.03/lib/python3.10/shutil.py", line 681, in _rmtree_safe_fd
    onerror(os.unlink, fullname, sys.exc_info())
  File "/usr/local/anaconda3-2023.03/lib/python3.10/shutil.py", line 681, in _rmtree_safe_fd
    onerror(os.unlink, fullname, sys.exc_info())
  File "/usr/local/anaconda3-2023.03/lib/python3.10/shutil.py", line 679, in _rmtree_safe_fd
    os.unlink(entry.name, dir_fd=topfd)
  File "/usr/local/anaconda3-2023.03/lib/python3.10/shutil.py", line 679, in _rmtree_safe_fd
    os.unlink(entry.name, dir_fd=topfd)
OSError: [Errno 16] Device or resource busy: '.nfs00000000e250cef7000005d6'
OSError: [Errno 16] Device or resource busy: '.nfs00000000867873ba000005d8'
Traceback (most recent call last):
  File "/usr/local/anaconda3-2023.03/lib/python3.10/multiprocessing/util.py", line 300, in _run_finalizers
    finalizer()
  File "/usr/local/anaconda3-2023.03/lib/python3.10/multiprocessing/util.py", line 224, in __call__
    res = self._callback(*self._args, **self._kwargs)
  File "/usr/local/anaconda3-2023.03/lib/python3.10/multiprocessing/util.py", line 133, in _remove_temp_dir
    rmtree(tempdir)
  File "/usr/local/anaconda3-2023.03/lib/python3.10/shutil.py", line 725, in rmtree
    _rmtree_safe_fd(fd, path, onerror)
  File "/usr/local/anaconda3-2023.03/lib/python3.10/shutil.py", line 681, in _rmtree_safe_fd
    onerror(os.unlink, fullname, sys.exc_info())
  File "/usr/local/anaconda3-2023.03/lib/python3.10/shutil.py", line 679, in _rmtree_safe_fd
    os.unlink(entry.name, dir_fd=topfd)
OSError: [Errno 16] Device or resource busy: '.nfs0000000030f95c4a000005d7'
Traceback (most recent call last):
  File "/usr/local/anaconda3-2023.03/lib/python3.10/multiprocessing/util.py", line 300, in _run_finalizers
    finalizer()
  File "/usr/local/anaconda3-2023.03/lib/python3.10/multiprocessing/util.py", line 224, in __call__
    res = self._callback(*self._args, **self._kwargs)
  File "/usr/local/anaconda3-2023.03/lib/python3.10/multiprocessing/util.py", line 133, in _remove_temp_dir
    rmtree(tempdir)
  File "/usr/local/anaconda3-2023.03/lib/python3.10/shutil.py", line 725, in rmtree
    _rmtree_safe_fd(fd, path, onerror)
  File "/usr/local/anaconda3-2023.03/lib/python3.10/shutil.py", line 681, in _rmtree_safe_fd
    onerror(os.unlink, fullname, sys.exc_info())
  File "/usr/local/anaconda3-2023.03/lib/python3.10/shutil.py", line 679, in _rmtree_safe_fd
    os.unlink(entry.name, dir_fd=topfd)
OSError: [Errno 16] Device or resource busy: '.nfs00000000254abe20000005d9'
Traceback (most recent call last):
Traceback (most recent call last):
  File "/usr/local/anaconda3-2023.03/lib/python3.10/multiprocessing/util.py", line 300, in _run_finalizers
    finalizer()
  File "/usr/local/anaconda3-2023.03/lib/python3.10/multiprocessing/util.py", line 300, in _run_finalizers
    finalizer()
  File "/usr/local/anaconda3-2023.03/lib/python3.10/multiprocessing/util.py", line 224, in __call__
    res = self._callback(*self._args, **self._kwargs)
  File "/usr/local/anaconda3-2023.03/lib/python3.10/multiprocessing/util.py", line 224, in __call__
    res = self._callback(*self._args, **self._kwargs)
  File "/usr/local/anaconda3-2023.03/lib/python3.10/multiprocessing/util.py", line 133, in _remove_temp_dir
    rmtree(tempdir)
  File "/usr/local/anaconda3-2023.03/lib/python3.10/multiprocessing/util.py", line 133, in _remove_temp_dir
    rmtree(tempdir)
  File "/usr/local/anaconda3-2023.03/lib/python3.10/shutil.py", line 725, in rmtree
    _rmtree_safe_fd(fd, path, onerror)
  File "/usr/local/anaconda3-2023.03/lib/python3.10/shutil.py", line 725, in rmtree
    _rmtree_safe_fd(fd, path, onerror)
  File "/usr/local/anaconda3-2023.03/lib/python3.10/shutil.py", line 681, in _rmtree_safe_fd
    onerror(os.unlink, fullname, sys.exc_info())
  File "/usr/local/anaconda3-2023.03/lib/python3.10/shutil.py", line 681, in _rmtree_safe_fd
    onerror(os.unlink, fullname, sys.exc_info())
  File "/usr/local/anaconda3-2023.03/lib/python3.10/shutil.py", line 679, in _rmtree_safe_fd
    os.unlink(entry.name, dir_fd=topfd)
  File "/usr/local/anaconda3-2023.03/lib/python3.10/shutil.py", line 679, in _rmtree_safe_fd
    os.unlink(entry.name, dir_fd=topfd)
OSError: [Errno 16] Device or resource busy: '.nfs000000009c5edddc000005da'
OSError: [Errno 16] Device or resource busy: '.nfs00000000b31cb9f4000005db'
Traceback (most recent call last):
  File "/usr/local/anaconda3-2023.03/lib/python3.10/multiprocessing/util.py", line 300, in _run_finalizers
    finalizer()
  File "/usr/local/anaconda3-2023.03/lib/python3.10/multiprocessing/util.py", line 224, in __call__
    res = self._callback(*self._args, **self._kwargs)
  File "/usr/local/anaconda3-2023.03/lib/python3.10/multiprocessing/util.py", line 133, in _remove_temp_dir
    rmtree(tempdir)
  File "/usr/local/anaconda3-2023.03/lib/python3.10/shutil.py", line 725, in rmtree
    _rmtree_safe_fd(fd, path, onerror)
  File "/usr/local/anaconda3-2023.03/lib/python3.10/shutil.py", line 681, in _rmtree_safe_fd
    onerror(os.unlink, fullname, sys.exc_info())
  File "/usr/local/anaconda3-2023.03/lib/python3.10/shutil.py", line 679, in _rmtree_safe_fd
    os.unlink(entry.name, dir_fd=topfd)
OSError: [Errno 16] Device or resource busy: '.nfs000000007966b631000005dc'
Traceback (most recent call last):
  File "/usr/local/anaconda3-2023.03/lib/python3.10/multiprocessing/util.py", line 300, in _run_finalizers
    finalizer()
  File "/usr/local/anaconda3-2023.03/lib/python3.10/multiprocessing/util.py", line 224, in __call__
    res = self._callback(*self._args, **self._kwargs)
  File "/usr/local/anaconda3-2023.03/lib/python3.10/multiprocessing/util.py", line 133, in _remove_temp_dir
    rmtree(tempdir)
  File "/usr/local/anaconda3-2023.03/lib/python3.10/shutil.py", line 725, in rmtree
    _rmtree_safe_fd(fd, path, onerror)
  File "/usr/local/anaconda3-2023.03/lib/python3.10/shutil.py", line 681, in _rmtree_safe_fd
    onerror(os.unlink, fullname, sys.exc_info())
  File "/usr/local/anaconda3-2023.03/lib/python3.10/shutil.py", line 679, in _rmtree_safe_fd
    os.unlink(entry.name, dir_fd=topfd)
OSError: [Errno 16] Device or resource busy: '.nfs000000008afe2901000005dd'
